   1              		.syntax unified
   2              		.cpu cortex-m3
   3              		.fpu softvfp
   4              		.eabi_attribute 20, 1
   5              		.eabi_attribute 21, 1
   6              		.eabi_attribute 23, 3
   7              		.eabi_attribute 24, 1
   8              		.eabi_attribute 25, 1
   9              		.eabi_attribute 26, 1
  10              		.eabi_attribute 30, 4
  11              		.eabi_attribute 34, 1
  12              		.eabi_attribute 18, 4
  13              		.thumb
  14              		.file	"stm32f10x_i2c.c"
  15              		.section	.text.I2C_DeInit,"ax",%progbits
  16              		.align	1
  17              		.global	I2C_DeInit
  18              		.thumb
  19              		.thumb_func
  21              	I2C_DeInit:
  22              		@ args = 0, pretend = 0, frame = 0
  23              		@ frame_needed = 0, uses_anonymous_args = 0
  24 0000 08B5     		push	{r3, lr}
  25 0002 0B4B     		ldr	r3, .L4
  26 0004 9842     		cmp	r0, r3
  27 0006 07D1     		bne	.L2
  28 0008 4FF40010 		mov	r0, #2097152
  29 000c 0121     		movs	r1, #1
  30 000e FFF7FEFF 		bl	RCC_APB1PeriphResetCmd
  31 0012 4FF40010 		mov	r0, #2097152
  32 0016 06E0     		b	.L3
  33              	.L2:
  34 0018 4FF48000 		mov	r0, #4194304
  35 001c 0121     		movs	r1, #1
  36 001e FFF7FEFF 		bl	RCC_APB1PeriphResetCmd
  37 0022 4FF48000 		mov	r0, #4194304
  38              	.L3:
  39 0026 0021     		movs	r1, #0
  40 0028 BDE80840 		pop	{r3, lr}
  41 002c FFF7FEBF 		b	RCC_APB1PeriphResetCmd
  42              	.L5:
  43              		.align	2
  44              	.L4:
  45 0030 00540040 		.word	1073763328
  47              		.section	.text.I2C_Init,"ax",%progbits
  48              		.align	1
  49              		.global	I2C_Init
  50              		.thumb
  51              		.thumb_func
  53              	I2C_Init:
  54              		@ args = 0, pretend = 0, frame = 24
  55              		@ frame_needed = 0, uses_anonymous_args = 0
  56 0000 F0B5     		push	{r4, r5, r6, r7, lr}
  57 0002 87B0     		sub	sp, sp, #28
  58 0004 0446     		mov	r4, r0
  59 0006 8688     		ldrh	r6, [r0, #4]
  60 0008 01A8     		add	r0, sp, #4
  61 000a 0D46     		mov	r5, r1
  62 000c FFF7FEFF 		bl	RCC_GetClocksFreq
  63 0010 0399     		ldr	r1, [sp, #12]
  64 0012 2B48     		ldr	r0, .L15
  65 0014 26F03F06 		bic	r6, r6, #63
  66 0018 3604     		lsls	r6, r6, #16
  67 001a B1FBF0F0 		udiv	r0, r1, r0
  68 001e 360C     		lsrs	r6, r6, #16
  69 0020 87B2     		uxth	r7, r0
  70 0022 3E43     		orrs	r6, r6, r7
  71 0024 A680     		strh	r6, [r4, #4]	@ movhi
  72 0026 2288     		ldrh	r2, [r4, #0]
  73 0028 2B68     		ldr	r3, [r5, #0]
  74 002a 22F00102 		bic	r2, r2, #1
  75 002e 1204     		lsls	r2, r2, #16
  76 0030 120C     		lsrs	r2, r2, #16
  77 0032 2280     		strh	r2, [r4, #0]	@ movhi
  78 0034 234A     		ldr	r2, .L15+4
  79 0036 9342     		cmp	r3, r2
  80 0038 09D8     		bhi	.L7
  81 003a 5B00     		lsls	r3, r3, #1
  82 003c B1FBF3F3 		udiv	r3, r1, r3
  83 0040 9BB2     		uxth	r3, r3
  84 0042 0137     		adds	r7, r7, #1
  85 0044 2784     		strh	r7, [r4, #32]	@ movhi
  86 0046 032B     		cmp	r3, #3
  87 0048 98BF     		it	ls
  88 004a 0423     		movls	r3, #4
  89 004c 1FE0     		b	.L9
  90              	.L7:
  91 004e EE88     		ldrh	r6, [r5, #6]
  92 0050 4BF6FF72 		movw	r2, #49151
  93 0054 9642     		cmp	r6, r2
  94 0056 04D1     		bne	.L10
  95 0058 0322     		movs	r2, #3
  96 005a 5343     		muls	r3, r2, r3
  97 005c B1FBF3F3 		udiv	r3, r1, r3
  98 0060 05E0     		b	.L14
  99              	.L10:
 100 0062 1922     		movs	r2, #25
 101 0064 5343     		muls	r3, r2, r3
 102 0066 B1FBF3F3 		udiv	r3, r1, r3
 103 006a 43F48043 		orr	r3, r3, #16384
 104              	.L14:
 105 006e 9BB2     		uxth	r3, r3
 106 0070 1A05     		lsls	r2, r3, #20
 107 0072 4FF49672 		mov	r2, #300
 108 0076 08BF     		it	eq
 109 0078 43F00103 		orreq	r3, r3, #1
 110 007c 5043     		muls	r0, r2, r0
 111 007e 4FF47A72 		mov	r2, #1000
 112 0082 90FBF2F0 		sdiv	r0, r0, r2
 113 0086 0130     		adds	r0, r0, #1
 114 0088 43F40043 		orr	r3, r3, #32768
 115 008c 2084     		strh	r0, [r4, #32]	@ movhi
 116              	.L9:
 117 008e A383     		strh	r3, [r4, #28]	@ movhi
 118 0090 2388     		ldrh	r3, [r4, #0]
 119 0092 6989     		ldrh	r1, [r5, #10]
 120 0094 9BB2     		uxth	r3, r3
 121 0096 43F00103 		orr	r3, r3, #1
 122 009a 2380     		strh	r3, [r4, #0]	@ movhi
 123 009c 2388     		ldrh	r3, [r4, #0]
 124 009e AA88     		ldrh	r2, [r5, #4]
 125 00a0 23F48163 		bic	r3, r3, #1032
 126 00a4 23F00203 		bic	r3, r3, #2
 127 00a8 1B04     		lsls	r3, r3, #16
 128 00aa 0A43     		orrs	r2, r2, r1
 129 00ac 1B0C     		lsrs	r3, r3, #16
 130 00ae 1343     		orrs	r3, r3, r2
 131 00b0 2380     		strh	r3, [r4, #0]	@ movhi
 132 00b2 2A89     		ldrh	r2, [r5, #8]
 133 00b4 AB89     		ldrh	r3, [r5, #12]
 134 00b6 1343     		orrs	r3, r3, r2
 135 00b8 2381     		strh	r3, [r4, #8]	@ movhi
 136 00ba 07B0     		add	sp, sp, #28
 137 00bc F0BD     		pop	{r4, r5, r6, r7, pc}
 138              	.L16:
 139 00be 00BF     		.align	2
 140              	.L15:
 141 00c0 40420F00 		.word	1000000
 142 00c4 A0860100 		.word	100000
 144              		.section	.text.I2C_StructInit,"ax",%progbits
 145              		.align	1
 146              		.global	I2C_StructInit
 147              		.thumb
 148              		.thumb_func
 150              	I2C_StructInit:
 151              		@ args = 0, pretend = 0, frame = 0
 152              		@ frame_needed = 0, uses_anonymous_args = 0
 153              		@ link register save eliminated.
 154 0000 41F28833 		movw	r3, #5000
 155 0004 0360     		str	r3, [r0, #0]
 156 0006 0023     		movs	r3, #0
 157 0008 8380     		strh	r3, [r0, #4]	@ movhi
 158 000a 4BF6FF72 		movw	r2, #49151
 159 000e 0381     		strh	r3, [r0, #8]	@ movhi
 160 0010 4381     		strh	r3, [r0, #10]	@ movhi
 161 0012 4FF48043 		mov	r3, #16384
 162 0016 C280     		strh	r2, [r0, #6]	@ movhi
 163 0018 8381     		strh	r3, [r0, #12]	@ movhi
 164 001a 7047     		bx	lr
 166              		.section	.text.I2C_Cmd,"ax",%progbits
 167              		.align	1
 168              		.global	I2C_Cmd
 169              		.thumb
 170              		.thumb_func
 172              	I2C_Cmd:
 173              		@ args = 0, pretend = 0, frame = 0
 174              		@ frame_needed = 0, uses_anonymous_args = 0
 175              		@ link register save eliminated.
 176 0000 0388     		ldrh	r3, [r0, #0]
 177 0002 19B1     		cbz	r1, .L19
 178 0004 9BB2     		uxth	r3, r3
 179 0006 43F00103 		orr	r3, r3, #1
 180 000a 03E0     		b	.L21
 181              	.L19:
 182 000c 23F00103 		bic	r3, r3, #1
 183 0010 1B04     		lsls	r3, r3, #16
 184 0012 1B0C     		lsrs	r3, r3, #16
 185              	.L21:
 186 0014 0380     		strh	r3, [r0, #0]	@ movhi
 187 0016 7047     		bx	lr
 189              		.section	.text.I2C_DMACmd,"ax",%progbits
 190              		.align	1
 191              		.global	I2C_DMACmd
 192              		.thumb
 193              		.thumb_func
 195              	I2C_DMACmd:
 196              		@ args = 0, pretend = 0, frame = 0
 197              		@ frame_needed = 0, uses_anonymous_args = 0
 198              		@ link register save eliminated.
 199 0000 8388     		ldrh	r3, [r0, #4]
 200 0002 19B1     		cbz	r1, .L23
 201 0004 9BB2     		uxth	r3, r3
 202 0006 43F40063 		orr	r3, r3, #2048
 203 000a 03E0     		b	.L25
 204              	.L23:
 205 000c 23F40063 		bic	r3, r3, #2048
 206 0010 1B04     		lsls	r3, r3, #16
 207 0012 1B0C     		lsrs	r3, r3, #16
 208              	.L25:
 209 0014 8380     		strh	r3, [r0, #4]	@ movhi
 210 0016 7047     		bx	lr
 212              		.section	.text.I2C_DMALastTransferCmd,"ax",%progbits
 213              		.align	1
 214              		.global	I2C_DMALastTransferCmd
 215              		.thumb
 216              		.thumb_func
 218              	I2C_DMALastTransferCmd:
 219              		@ args = 0, pretend = 0, frame = 0
 220              		@ frame_needed = 0, uses_anonymous_args = 0
 221              		@ link register save eliminated.
 222 0000 8388     		ldrh	r3, [r0, #4]
 223 0002 19B1     		cbz	r1, .L27
 224 0004 9BB2     		uxth	r3, r3
 225 0006 43F48053 		orr	r3, r3, #4096
 226 000a 03E0     		b	.L29
 227              	.L27:
 228 000c 23F48053 		bic	r3, r3, #4096
 229 0010 1B04     		lsls	r3, r3, #16
 230 0012 1B0C     		lsrs	r3, r3, #16
 231              	.L29:
 232 0014 8380     		strh	r3, [r0, #4]	@ movhi
 233 0016 7047     		bx	lr
 235              		.section	.text.I2C_GenerateSTART,"ax",%progbits
 236              		.align	1
 237              		.global	I2C_GenerateSTART
 238              		.thumb
 239              		.thumb_func
 241              	I2C_GenerateSTART:
 242              		@ args = 0, pretend = 0, frame = 0
 243              		@ frame_needed = 0, uses_anonymous_args = 0
 244              		@ link register save eliminated.
 245 0000 0388     		ldrh	r3, [r0, #0]
 246 0002 19B1     		cbz	r1, .L31
 247 0004 9BB2     		uxth	r3, r3
 248 0006 43F48073 		orr	r3, r3, #256
 249 000a 03E0     		b	.L33
 250              	.L31:
 251 000c 23F48073 		bic	r3, r3, #256
 252 0010 1B04     		lsls	r3, r3, #16
 253 0012 1B0C     		lsrs	r3, r3, #16
 254              	.L33:
 255 0014 0380     		strh	r3, [r0, #0]	@ movhi
 256 0016 7047     		bx	lr
 258              		.section	.text.I2C_GenerateSTOP,"ax",%progbits
 259              		.align	1
 260              		.global	I2C_GenerateSTOP
 261              		.thumb
 262              		.thumb_func
 264              	I2C_GenerateSTOP:
 265              		@ args = 0, pretend = 0, frame = 0
 266              		@ frame_needed = 0, uses_anonymous_args = 0
 267              		@ link register save eliminated.
 268 0000 0388     		ldrh	r3, [r0, #0]
 269 0002 19B1     		cbz	r1, .L35
 270 0004 9BB2     		uxth	r3, r3
 271 0006 43F40073 		orr	r3, r3, #512
 272 000a 03E0     		b	.L37
 273              	.L35:
 274 000c 23F40073 		bic	r3, r3, #512
 275 0010 1B04     		lsls	r3, r3, #16
 276 0012 1B0C     		lsrs	r3, r3, #16
 277              	.L37:
 278 0014 0380     		strh	r3, [r0, #0]	@ movhi
 279 0016 7047     		bx	lr
 281              		.section	.text.I2C_AcknowledgeConfig,"ax",%progbits
 282              		.align	1
 283              		.global	I2C_AcknowledgeConfig
 284              		.thumb
 285              		.thumb_func
 287              	I2C_AcknowledgeConfig:
 288              		@ args = 0, pretend = 0, frame = 0
 289              		@ frame_needed = 0, uses_anonymous_args = 0
 290              		@ link register save eliminated.
 291 0000 0388     		ldrh	r3, [r0, #0]
 292 0002 19B1     		cbz	r1, .L39
 293 0004 9BB2     		uxth	r3, r3
 294 0006 43F48063 		orr	r3, r3, #1024
 295 000a 03E0     		b	.L41
 296              	.L39:
 297 000c 23F48063 		bic	r3, r3, #1024
 298 0010 1B04     		lsls	r3, r3, #16
 299 0012 1B0C     		lsrs	r3, r3, #16
 300              	.L41:
 301 0014 0380     		strh	r3, [r0, #0]	@ movhi
 302 0016 7047     		bx	lr
 304              		.section	.text.I2C_OwnAddress2Config,"ax",%progbits
 305              		.align	1
 306              		.global	I2C_OwnAddress2Config
 307              		.thumb
 308              		.thumb_func
 310              	I2C_OwnAddress2Config:
 311              		@ args = 0, pretend = 0, frame = 0
 312              		@ frame_needed = 0, uses_anonymous_args = 0
 313              		@ link register save eliminated.
 314 0000 8389     		ldrh	r3, [r0, #12]
 315 0002 01F0FE01 		and	r1, r1, #254
 316 0006 9BB2     		uxth	r3, r3
 317 0008 23F0FE03 		bic	r3, r3, #254
 318 000c 0B43     		orrs	r3, r3, r1
 319 000e 8381     		strh	r3, [r0, #12]	@ movhi
 320 0010 7047     		bx	lr
 322              		.section	.text.I2C_DualAddressCmd,"ax",%progbits
 323              		.align	1
 324              		.global	I2C_DualAddressCmd
 325              		.thumb
 326              		.thumb_func
 328              	I2C_DualAddressCmd:
 329              		@ args = 0, pretend = 0, frame = 0
 330              		@ frame_needed = 0, uses_anonymous_args = 0
 331              		@ link register save eliminated.
 332 0000 8389     		ldrh	r3, [r0, #12]
 333 0002 19B1     		cbz	r1, .L44
 334 0004 9BB2     		uxth	r3, r3
 335 0006 43F00103 		orr	r3, r3, #1
 336 000a 03E0     		b	.L46
 337              	.L44:
 338 000c 23F00103 		bic	r3, r3, #1
 339 0010 1B04     		lsls	r3, r3, #16
 340 0012 1B0C     		lsrs	r3, r3, #16
 341              	.L46:
 342 0014 8381     		strh	r3, [r0, #12]	@ movhi
 343 0016 7047     		bx	lr
 345              		.section	.text.I2C_GeneralCallCmd,"ax",%progbits
 346              		.align	1
 347              		.global	I2C_GeneralCallCmd
 348              		.thumb
 349              		.thumb_func
 351              	I2C_GeneralCallCmd:
 352              		@ args = 0, pretend = 0, frame = 0
 353              		@ frame_needed = 0, uses_anonymous_args = 0
 354              		@ link register save eliminated.
 355 0000 0388     		ldrh	r3, [r0, #0]
 356 0002 19B1     		cbz	r1, .L48
 357 0004 9BB2     		uxth	r3, r3
 358 0006 43F04003 		orr	r3, r3, #64
 359 000a 03E0     		b	.L50
 360              	.L48:
 361 000c 23F04003 		bic	r3, r3, #64
 362 0010 1B04     		lsls	r3, r3, #16
 363 0012 1B0C     		lsrs	r3, r3, #16
 364              	.L50:
 365 0014 0380     		strh	r3, [r0, #0]	@ movhi
 366 0016 7047     		bx	lr
 368              		.section	.text.I2C_ITConfig,"ax",%progbits
 369              		.align	1
 370              		.global	I2C_ITConfig
 371              		.thumb
 372              		.thumb_func
 374              	I2C_ITConfig:
 375              		@ args = 0, pretend = 0, frame = 0
 376              		@ frame_needed = 0, uses_anonymous_args = 0
 377              		@ link register save eliminated.
 378 0000 8388     		ldrh	r3, [r0, #4]
 379 0002 9BB2     		uxth	r3, r3
 380 0004 0AB1     		cbz	r2, .L52
 381 0006 1943     		orrs	r1, r1, r3
 382 0008 01E0     		b	.L54
 383              	.L52:
 384 000a 23EA0101 		bic	r1, r3, r1
 385              	.L54:
 386 000e 8180     		strh	r1, [r0, #4]	@ movhi
 387 0010 7047     		bx	lr
 389              		.section	.text.I2C_SendData,"ax",%progbits
 390              		.align	1
 391              		.global	I2C_SendData
 392              		.thumb
 393              		.thumb_func
 395              	I2C_SendData:
 396              		@ args = 0, pretend = 0, frame = 0
 397              		@ frame_needed = 0, uses_anonymous_args = 0
 398              		@ link register save eliminated.
 399 0000 0182     		strh	r1, [r0, #16]	@ movhi
 400 0002 7047     		bx	lr
 402              		.section	.text.I2C_ReceiveData,"ax",%progbits
 403              		.align	1
 404              		.global	I2C_ReceiveData
 405              		.thumb
 406              		.thumb_func
 408              	I2C_ReceiveData:
 409              		@ args = 0, pretend = 0, frame = 0
 410              		@ frame_needed = 0, uses_anonymous_args = 0
 411              		@ link register save eliminated.
 412 0000 008A     		ldrh	r0, [r0, #16]
 413 0002 C0B2     		uxtb	r0, r0
 414 0004 7047     		bx	lr
 416              		.section	.text.I2C_Send7bitAddress,"ax",%progbits
 417              		.align	1
 418              		.global	I2C_Send7bitAddress
 419              		.thumb
 420              		.thumb_func
 422              	I2C_Send7bitAddress:
 423              		@ args = 0, pretend = 0, frame = 0
 424              		@ frame_needed = 0, uses_anonymous_args = 0
 425              		@ link register save eliminated.
 426 0000 12B1     		cbz	r2, .L58
 427 0002 41F00101 		orr	r1, r1, #1
 428 0006 01E0     		b	.L59
 429              	.L58:
 430 0008 01F0FE01 		and	r1, r1, #254
 431              	.L59:
 432 000c 0182     		strh	r1, [r0, #16]	@ movhi
 433 000e 7047     		bx	lr
 435              		.section	.text.I2C_ReadRegister,"ax",%progbits
 436              		.align	1
 437              		.global	I2C_ReadRegister
 438              		.thumb
 439              		.thumb_func
 441              	I2C_ReadRegister:
 442              		@ args = 0, pretend = 0, frame = 8
 443              		@ frame_needed = 0, uses_anonymous_args = 0
 444              		@ link register save eliminated.
 445 0000 82B0     		sub	sp, sp, #8
 446 0002 0023     		movs	r3, #0
 447 0004 0193     		str	r3, [sp, #4]
 448 0006 0190     		str	r0, [sp, #4]
 449 0008 019B     		ldr	r3, [sp, #4]
 450 000a C918     		adds	r1, r1, r3
 451 000c 0191     		str	r1, [sp, #4]
 452 000e 019B     		ldr	r3, [sp, #4]
 453 0010 1888     		ldrh	r0, [r3, #0]
 454 0012 80B2     		uxth	r0, r0
 455 0014 02B0     		add	sp, sp, #8
 456 0016 7047     		bx	lr
 458              		.section	.text.I2C_SoftwareResetCmd,"ax",%progbits
 459              		.align	1
 460              		.global	I2C_SoftwareResetCmd
 461              		.thumb
 462              		.thumb_func
 464              	I2C_SoftwareResetCmd:
 465              		@ args = 0, pretend = 0, frame = 0
 466              		@ frame_needed = 0, uses_anonymous_args = 0
 467              		@ link register save eliminated.
 468 0000 0388     		ldrh	r3, [r0, #0]
 469 0002 21B1     		cbz	r1, .L62
 470 0004 6FEA4343 		mvn	r3, r3, lsl #17
 471 0008 6FEA5343 		mvn	r3, r3, lsr #17
 472 000c 01E0     		b	.L64
 473              	.L62:
 474 000e 5B04     		lsls	r3, r3, #17
 475 0010 5B0C     		lsrs	r3, r3, #17
 476              	.L64:
 477 0012 0380     		strh	r3, [r0, #0]	@ movhi
 478 0014 7047     		bx	lr
 480              		.section	.text.I2C_NACKPositionConfig,"ax",%progbits
 481              		.align	1
 482              		.global	I2C_NACKPositionConfig
 483              		.thumb
 484              		.thumb_func
 486              	I2C_NACKPositionConfig:
 487              		@ args = 0, pretend = 0, frame = 0
 488              		@ frame_needed = 0, uses_anonymous_args = 0
 489              		@ link register save eliminated.
 490 0000 B1F5006F 		cmp	r1, #2048
 491 0004 0388     		ldrh	r3, [r0, #0]
 492 0006 03D1     		bne	.L66
 493 0008 9BB2     		uxth	r3, r3
 494 000a 43F40063 		orr	r3, r3, #2048
 495 000e 03E0     		b	.L68
 496              	.L66:
 497 0010 23F40063 		bic	r3, r3, #2048
 498 0014 1B04     		lsls	r3, r3, #16
 499 0016 1B0C     		lsrs	r3, r3, #16
 500              	.L68:
 501 0018 0380     		strh	r3, [r0, #0]	@ movhi
 502 001a 7047     		bx	lr
 504              		.section	.text.I2C_SMBusAlertConfig,"ax",%progbits
 505              		.align	1
 506              		.global	I2C_SMBusAlertConfig
 507              		.thumb
 508              		.thumb_func
 510              	I2C_SMBusAlertConfig:
 511              		@ args = 0, pretend = 0, frame = 0
 512              		@ frame_needed = 0, uses_anonymous_args = 0
 513              		@ link register save eliminated.
 514 0000 B1F5005F 		cmp	r1, #8192
 515 0004 0388     		ldrh	r3, [r0, #0]
 516 0006 03D1     		bne	.L70
 517 0008 9BB2     		uxth	r3, r3
 518 000a 43F40053 		orr	r3, r3, #8192
 519 000e 03E0     		b	.L72
 520              	.L70:
 521 0010 23F40053 		bic	r3, r3, #8192
 522 0014 1B04     		lsls	r3, r3, #16
 523 0016 1B0C     		lsrs	r3, r3, #16
 524              	.L72:
 525 0018 0380     		strh	r3, [r0, #0]	@ movhi
 526 001a 7047     		bx	lr
 528              		.section	.text.I2C_TransmitPEC,"ax",%progbits
 529              		.align	1
 530              		.global	I2C_TransmitPEC
 531              		.thumb
 532              		.thumb_func
 534              	I2C_TransmitPEC:
 535              		@ args = 0, pretend = 0, frame = 0
 536              		@ frame_needed = 0, uses_anonymous_args = 0
 537              		@ link register save eliminated.
 538 0000 0388     		ldrh	r3, [r0, #0]
 539 0002 19B1     		cbz	r1, .L74
 540 0004 9BB2     		uxth	r3, r3
 541 0006 43F48053 		orr	r3, r3, #4096
 542 000a 03E0     		b	.L76
 543              	.L74:
 544 000c 23F48053 		bic	r3, r3, #4096
 545 0010 1B04     		lsls	r3, r3, #16
 546 0012 1B0C     		lsrs	r3, r3, #16
 547              	.L76:
 548 0014 0380     		strh	r3, [r0, #0]	@ movhi
 549 0016 7047     		bx	lr
 551              		.section	.text.I2C_PECPositionConfig,"ax",%progbits
 552              		.align	1
 553              		.global	I2C_PECPositionConfig
 554              		.thumb
 555              		.thumb_func
 557              	I2C_PECPositionConfig:
 558              		@ args = 0, pretend = 0, frame = 0
 559              		@ frame_needed = 0, uses_anonymous_args = 0
 560              		@ link register save eliminated.
 561 0000 B1F5006F 		cmp	r1, #2048
 562 0004 0388     		ldrh	r3, [r0, #0]
 563 0006 03D1     		bne	.L78
 564 0008 9BB2     		uxth	r3, r3
 565 000a 43F40063 		orr	r3, r3, #2048
 566 000e 03E0     		b	.L80
 567              	.L78:
 568 0010 23F40063 		bic	r3, r3, #2048
 569 0014 1B04     		lsls	r3, r3, #16
 570 0016 1B0C     		lsrs	r3, r3, #16
 571              	.L80:
 572 0018 0380     		strh	r3, [r0, #0]	@ movhi
 573 001a 7047     		bx	lr
 575              		.section	.text.I2C_CalculatePEC,"ax",%progbits
 576              		.align	1
 577              		.global	I2C_CalculatePEC
 578              		.thumb
 579              		.thumb_func
 581              	I2C_CalculatePEC:
 582              		@ args = 0, pretend = 0, frame = 0
 583              		@ frame_needed = 0, uses_anonymous_args = 0
 584              		@ link register save eliminated.
 585 0000 0388     		ldrh	r3, [r0, #0]
 586 0002 19B1     		cbz	r1, .L82
 587 0004 9BB2     		uxth	r3, r3
 588 0006 43F02003 		orr	r3, r3, #32
 589 000a 03E0     		b	.L84
 590              	.L82:
 591 000c 23F02003 		bic	r3, r3, #32
 592 0010 1B04     		lsls	r3, r3, #16
 593 0012 1B0C     		lsrs	r3, r3, #16
 594              	.L84:
 595 0014 0380     		strh	r3, [r0, #0]	@ movhi
 596 0016 7047     		bx	lr
 598              		.section	.text.I2C_GetPEC,"ax",%progbits
 599              		.align	1
 600              		.global	I2C_GetPEC
 601              		.thumb
 602              		.thumb_func
 604              	I2C_GetPEC:
 605              		@ args = 0, pretend = 0, frame = 0
 606              		@ frame_needed = 0, uses_anonymous_args = 0
 607              		@ link register save eliminated.
 608 0000 008B     		ldrh	r0, [r0, #24]
 609 0002 C0F30720 		ubfx	r0, r0, #8, #8
 610 0006 7047     		bx	lr
 612              		.section	.text.I2C_ARPCmd,"ax",%progbits
 613              		.align	1
 614              		.global	I2C_ARPCmd
 615              		.thumb
 616              		.thumb_func
 618              	I2C_ARPCmd:
 619              		@ args = 0, pretend = 0, frame = 0
 620              		@ frame_needed = 0, uses_anonymous_args = 0
 621              		@ link register save eliminated.
 622 0000 0388     		ldrh	r3, [r0, #0]
 623 0002 19B1     		cbz	r1, .L87
 624 0004 9BB2     		uxth	r3, r3
 625 0006 43F01003 		orr	r3, r3, #16
 626 000a 03E0     		b	.L89
 627              	.L87:
 628 000c 23F01003 		bic	r3, r3, #16
 629 0010 1B04     		lsls	r3, r3, #16
 630 0012 1B0C     		lsrs	r3, r3, #16
 631              	.L89:
 632 0014 0380     		strh	r3, [r0, #0]	@ movhi
 633 0016 7047     		bx	lr
 635              		.section	.text.I2C_StretchClockCmd,"ax",%progbits
 636              		.align	1
 637              		.global	I2C_StretchClockCmd
 638              		.thumb
 639              		.thumb_func
 641              	I2C_StretchClockCmd:
 642              		@ args = 0, pretend = 0, frame = 0
 643              		@ frame_needed = 0, uses_anonymous_args = 0
 644              		@ link register save eliminated.
 645 0000 0388     		ldrh	r3, [r0, #0]
 646 0002 19B9     		cbnz	r1, .L91
 647 0004 9BB2     		uxth	r3, r3
 648 0006 43F08003 		orr	r3, r3, #128
 649 000a 03E0     		b	.L93
 650              	.L91:
 651 000c 23F08003 		bic	r3, r3, #128
 652 0010 1B04     		lsls	r3, r3, #16
 653 0012 1B0C     		lsrs	r3, r3, #16
 654              	.L93:
 655 0014 0380     		strh	r3, [r0, #0]	@ movhi
 656 0016 7047     		bx	lr
 658              		.section	.text.I2C_FastModeDutyCycleConfig,"ax",%progbits
 659              		.align	1
 660              		.global	I2C_FastModeDutyCycleConfig
 661              		.thumb
 662              		.thumb_func
 664              	I2C_FastModeDutyCycleConfig:
 665              		@ args = 0, pretend = 0, frame = 0
 666              		@ frame_needed = 0, uses_anonymous_args = 0
 667              		@ link register save eliminated.
 668 0000 B1F5804F 		cmp	r1, #16384
 669 0004 838B     		ldrh	r3, [r0, #28]
 670 0006 04D0     		beq	.L95
 671 0008 23F48043 		bic	r3, r3, #16384
 672 000c 1B04     		lsls	r3, r3, #16
 673 000e 1B0C     		lsrs	r3, r3, #16
 674 0010 02E0     		b	.L97
 675              	.L95:
 676 0012 9BB2     		uxth	r3, r3
 677 0014 43F48043 		orr	r3, r3, #16384
 678              	.L97:
 679 0018 8383     		strh	r3, [r0, #28]	@ movhi
 680 001a 7047     		bx	lr
 682              		.section	.text.I2C_CheckEvent,"ax",%progbits
 683              		.align	1
 684              		.global	I2C_CheckEvent
 685              		.thumb
 686              		.thumb_func
 688              	I2C_CheckEvent:
 689              		@ args = 0, pretend = 0, frame = 0
 690              		@ frame_needed = 0, uses_anonymous_args = 0
 691              		@ link register save eliminated.
 692 0000 838A     		ldrh	r3, [r0, #20]
 693 0002 008B     		ldrh	r0, [r0, #24]
 694 0004 9BB2     		uxth	r3, r3
 695 0006 43EA0040 		orr	r0, r3, r0, lsl #16
 696 000a 0840     		ands	r0, r0, r1
 697 000c 20F07F40 		bic	r0, r0, #-16777216
 698 0010 431A     		subs	r3, r0, r1
 699 0012 5842     		rsbs	r0, r3, #0
 700 0014 5841     		adcs	r0, r0, r3
 701 0016 7047     		bx	lr
 703              		.section	.text.I2C_GetLastEvent,"ax",%progbits
 704              		.align	1
 705              		.global	I2C_GetLastEvent
 706              		.thumb
 707              		.thumb_func
 709              	I2C_GetLastEvent:
 710              		@ args = 0, pretend = 0, frame = 0
 711              		@ frame_needed = 0, uses_anonymous_args = 0
 712              		@ link register save eliminated.
 713 0000 838A     		ldrh	r3, [r0, #20]
 714 0002 008B     		ldrh	r0, [r0, #24]
 715 0004 9BB2     		uxth	r3, r3
 716 0006 43EA0040 		orr	r0, r3, r0, lsl #16
 717 000a 20F07F40 		bic	r0, r0, #-16777216
 718 000e 7047     		bx	lr
 720              		.section	.text.I2C_GetFlagStatus,"ax",%progbits
 721              		.align	1
 722              		.global	I2C_GetFlagStatus
 723              		.thumb
 724              		.thumb_func
 726              	I2C_GetFlagStatus:
 727              		@ args = 0, pretend = 0, frame = 8
 728              		@ frame_needed = 0, uses_anonymous_args = 0
 729              		@ link register save eliminated.
 730 0000 82B0     		sub	sp, sp, #8
 731 0002 0023     		movs	r3, #0
 732 0004 0093     		str	r3, [sp, #0]
 733 0006 0193     		str	r3, [sp, #4]
 734 0008 0B0F     		lsrs	r3, r1, #28
 735 000a 0190     		str	r0, [sp, #4]
 736 000c 0093     		str	r3, [sp, #0]
 737 000e 009B     		ldr	r3, [sp, #0]
 738 0010 21F07F41 		bic	r1, r1, #-16777216
 739 0014 13B1     		cbz	r3, .L101
 740 0016 019B     		ldr	r3, [sp, #4]
 741 0018 1433     		adds	r3, r3, #20
 742 001a 02E0     		b	.L103
 743              	.L101:
 744 001c 019B     		ldr	r3, [sp, #4]
 745 001e 090C     		lsrs	r1, r1, #16
 746 0020 1833     		adds	r3, r3, #24
 747              	.L103:
 748 0022 0193     		str	r3, [sp, #4]
 749 0024 019B     		ldr	r3, [sp, #4]
 750 0026 1B68     		ldr	r3, [r3, #0]
 751 0028 1942     		tst	r1, r3
 752 002a 0CBF     		ite	eq
 753 002c 0020     		moveq	r0, #0
 754 002e 0120     		movne	r0, #1
 755 0030 02B0     		add	sp, sp, #8
 756 0032 7047     		bx	lr
 758              		.section	.text.I2C_ClearFlag,"ax",%progbits
 759              		.align	1
 760              		.global	I2C_ClearFlag
 761              		.thumb
 762              		.thumb_func
 764              	I2C_ClearFlag:
 765              		@ args = 0, pretend = 0, frame = 0
 766              		@ frame_needed = 0, uses_anonymous_args = 0
 767              		@ link register save eliminated.
 768 0000 C943     		mvns	r1, r1
 769 0002 8182     		strh	r1, [r0, #20]	@ movhi
 770 0004 7047     		bx	lr
 772              		.section	.text.I2C_GetITStatus,"ax",%progbits
 773              		.align	1
 774              		.global	I2C_GetITStatus
 775              		.thumb
 776              		.thumb_func
 778              	I2C_GetITStatus:
 779              		@ args = 0, pretend = 0, frame = 0
 780              		@ frame_needed = 0, uses_anonymous_args = 0
 781              		@ link register save eliminated.
 782 0000 8388     		ldrh	r3, [r0, #4]
 783 0002 808A     		ldrh	r0, [r0, #20]
 784 0004 9BB2     		uxth	r3, r3
 785 0006 80B2     		uxth	r0, r0
 786 0008 0840     		ands	r0, r0, r1
 787 000a 06D0     		beq	.L106
 788 000c 01F0E061 		and	r1, r1, #117440512
 789 0010 13EA1141 		ands	r1, r3, r1, lsr #16
 790 0014 0CBF     		ite	eq
 791 0016 0020     		moveq	r0, #0
 792 0018 0120     		movne	r0, #1
 793              	.L106:
 794 001a 7047     		bx	lr
 796              		.section	.text.I2C_ClearITPendingBit,"ax",%progbits
 797              		.align	1
 798              		.global	I2C_ClearITPendingBit
 799              		.thumb
 800              		.thumb_func
 802              	I2C_ClearITPendingBit:
 803              		@ args = 0, pretend = 0, frame = 0
 804              		@ frame_needed = 0, uses_anonymous_args = 0
 805              		@ link register save eliminated.
 806 0000 C943     		mvns	r1, r1
 807 0002 8182     		strh	r1, [r0, #20]	@ movhi
 808 0004 7047     		bx	lr
 810              		.ident	"GCC: (Sourcery CodeBench Lite 2013.05-23) 4.7.3"
DEFINED SYMBOLS
                            *ABS*:00000000 stm32f10x_i2c.c
     /tmp/ccp3vvnN.s:16     .text.I2C_DeInit:00000000 $t
     /tmp/ccp3vvnN.s:21     .text.I2C_DeInit:00000000 I2C_DeInit
     /tmp/ccp3vvnN.s:45     .text.I2C_DeInit:00000030 $d
     /tmp/ccp3vvnN.s:48     .text.I2C_Init:00000000 $t
     /tmp/ccp3vvnN.s:53     .text.I2C_Init:00000000 I2C_Init
     /tmp/ccp3vvnN.s:141    .text.I2C_Init:000000c0 $d
     /tmp/ccp3vvnN.s:145    .text.I2C_StructInit:00000000 $t
     /tmp/ccp3vvnN.s:150    .text.I2C_StructInit:00000000 I2C_StructInit
     /tmp/ccp3vvnN.s:167    .text.I2C_Cmd:00000000 $t
     /tmp/ccp3vvnN.s:172    .text.I2C_Cmd:00000000 I2C_Cmd
     /tmp/ccp3vvnN.s:190    .text.I2C_DMACmd:00000000 $t
     /tmp/ccp3vvnN.s:195    .text.I2C_DMACmd:00000000 I2C_DMACmd
     /tmp/ccp3vvnN.s:213    .text.I2C_DMALastTransferCmd:00000000 $t
     /tmp/ccp3vvnN.s:218    .text.I2C_DMALastTransferCmd:00000000 I2C_DMALastTransferCmd
     /tmp/ccp3vvnN.s:236    .text.I2C_GenerateSTART:00000000 $t
     /tmp/ccp3vvnN.s:241    .text.I2C_GenerateSTART:00000000 I2C_GenerateSTART
     /tmp/ccp3vvnN.s:259    .text.I2C_GenerateSTOP:00000000 $t
     /tmp/ccp3vvnN.s:264    .text.I2C_GenerateSTOP:00000000 I2C_GenerateSTOP
     /tmp/ccp3vvnN.s:282    .text.I2C_AcknowledgeConfig:00000000 $t
     /tmp/ccp3vvnN.s:287    .text.I2C_AcknowledgeConfig:00000000 I2C_AcknowledgeConfig
     /tmp/ccp3vvnN.s:305    .text.I2C_OwnAddress2Config:00000000 $t
     /tmp/ccp3vvnN.s:310    .text.I2C_OwnAddress2Config:00000000 I2C_OwnAddress2Config
     /tmp/ccp3vvnN.s:323    .text.I2C_DualAddressCmd:00000000 $t
     /tmp/ccp3vvnN.s:328    .text.I2C_DualAddressCmd:00000000 I2C_DualAddressCmd
     /tmp/ccp3vvnN.s:346    .text.I2C_GeneralCallCmd:00000000 $t
     /tmp/ccp3vvnN.s:351    .text.I2C_GeneralCallCmd:00000000 I2C_GeneralCallCmd
     /tmp/ccp3vvnN.s:369    .text.I2C_ITConfig:00000000 $t
     /tmp/ccp3vvnN.s:374    .text.I2C_ITConfig:00000000 I2C_ITConfig
     /tmp/ccp3vvnN.s:390    .text.I2C_SendData:00000000 $t
     /tmp/ccp3vvnN.s:395    .text.I2C_SendData:00000000 I2C_SendData
     /tmp/ccp3vvnN.s:403    .text.I2C_ReceiveData:00000000 $t
     /tmp/ccp3vvnN.s:408    .text.I2C_ReceiveData:00000000 I2C_ReceiveData
     /tmp/ccp3vvnN.s:417    .text.I2C_Send7bitAddress:00000000 $t
     /tmp/ccp3vvnN.s:422    .text.I2C_Send7bitAddress:00000000 I2C_Send7bitAddress
     /tmp/ccp3vvnN.s:436    .text.I2C_ReadRegister:00000000 $t
     /tmp/ccp3vvnN.s:441    .text.I2C_ReadRegister:00000000 I2C_ReadRegister
     /tmp/ccp3vvnN.s:459    .text.I2C_SoftwareResetCmd:00000000 $t
     /tmp/ccp3vvnN.s:464    .text.I2C_SoftwareResetCmd:00000000 I2C_SoftwareResetCmd
     /tmp/ccp3vvnN.s:481    .text.I2C_NACKPositionConfig:00000000 $t
     /tmp/ccp3vvnN.s:486    .text.I2C_NACKPositionConfig:00000000 I2C_NACKPositionConfig
     /tmp/ccp3vvnN.s:505    .text.I2C_SMBusAlertConfig:00000000 $t
     /tmp/ccp3vvnN.s:510    .text.I2C_SMBusAlertConfig:00000000 I2C_SMBusAlertConfig
     /tmp/ccp3vvnN.s:529    .text.I2C_TransmitPEC:00000000 $t
     /tmp/ccp3vvnN.s:534    .text.I2C_TransmitPEC:00000000 I2C_TransmitPEC
     /tmp/ccp3vvnN.s:552    .text.I2C_PECPositionConfig:00000000 $t
     /tmp/ccp3vvnN.s:557    .text.I2C_PECPositionConfig:00000000 I2C_PECPositionConfig
     /tmp/ccp3vvnN.s:576    .text.I2C_CalculatePEC:00000000 $t
     /tmp/ccp3vvnN.s:581    .text.I2C_CalculatePEC:00000000 I2C_CalculatePEC
     /tmp/ccp3vvnN.s:599    .text.I2C_GetPEC:00000000 $t
     /tmp/ccp3vvnN.s:604    .text.I2C_GetPEC:00000000 I2C_GetPEC
     /tmp/ccp3vvnN.s:613    .text.I2C_ARPCmd:00000000 $t
     /tmp/ccp3vvnN.s:618    .text.I2C_ARPCmd:00000000 I2C_ARPCmd
     /tmp/ccp3vvnN.s:636    .text.I2C_StretchClockCmd:00000000 $t
     /tmp/ccp3vvnN.s:641    .text.I2C_StretchClockCmd:00000000 I2C_StretchClockCmd
     /tmp/ccp3vvnN.s:659    .text.I2C_FastModeDutyCycleConfig:00000000 $t
     /tmp/ccp3vvnN.s:664    .text.I2C_FastModeDutyCycleConfig:00000000 I2C_FastModeDutyCycleConfig
     /tmp/ccp3vvnN.s:683    .text.I2C_CheckEvent:00000000 $t
     /tmp/ccp3vvnN.s:688    .text.I2C_CheckEvent:00000000 I2C_CheckEvent
     /tmp/ccp3vvnN.s:704    .text.I2C_GetLastEvent:00000000 $t
     /tmp/ccp3vvnN.s:709    .text.I2C_GetLastEvent:00000000 I2C_GetLastEvent
     /tmp/ccp3vvnN.s:721    .text.I2C_GetFlagStatus:00000000 $t
     /tmp/ccp3vvnN.s:726    .text.I2C_GetFlagStatus:00000000 I2C_GetFlagStatus
     /tmp/ccp3vvnN.s:759    .text.I2C_ClearFlag:00000000 $t
     /tmp/ccp3vvnN.s:764    .text.I2C_ClearFlag:00000000 I2C_ClearFlag
     /tmp/ccp3vvnN.s:773    .text.I2C_GetITStatus:00000000 $t
     /tmp/ccp3vvnN.s:778    .text.I2C_GetITStatus:00000000 I2C_GetITStatus
     /tmp/ccp3vvnN.s:797    .text.I2C_ClearITPendingBit:00000000 $t
     /tmp/ccp3vvnN.s:802    .text.I2C_ClearITPendingBit:00000000 I2C_ClearITPendingBit

UNDEFINED SYMBOLS
RCC_APB1PeriphResetCmd
RCC_GetClocksFreq
