   1              		.syntax unified
   2              		.cpu cortex-m3
   3              		.fpu softvfp
   4              		.eabi_attribute 20, 1
   5              		.eabi_attribute 21, 1
   6              		.eabi_attribute 23, 3
   7              		.eabi_attribute 24, 1
   8              		.eabi_attribute 25, 1
   9              		.eabi_attribute 26, 1
  10              		.eabi_attribute 30, 4
  11              		.eabi_attribute 34, 1
  12              		.eabi_attribute 18, 4
  13              		.thumb
  14              		.file	"stm32f10x_rcc.c"
  15              		.section	.text.RCC_DeInit,"ax",%progbits
  16              		.align	1
  17              		.global	RCC_DeInit
  18              		.thumb
  19              		.thumb_func
  21              	RCC_DeInit:
  22              		@ args = 0, pretend = 0, frame = 0
  23              		@ frame_needed = 0, uses_anonymous_args = 0
  24              		@ link register save eliminated.
  25 0000 0D4B     		ldr	r3, .L2
  26 0002 1A68     		ldr	r2, [r3, #0]
  27 0004 42F00102 		orr	r2, r2, #1
  28 0008 1A60     		str	r2, [r3, #0]
  29 000a 5968     		ldr	r1, [r3, #4]
  30 000c 0B4A     		ldr	r2, .L2+4
  31 000e 0A40     		ands	r2, r2, r1
  32 0010 5A60     		str	r2, [r3, #4]
  33 0012 1A68     		ldr	r2, [r3, #0]
  34 0014 22F08472 		bic	r2, r2, #17301504
  35 0018 22F48032 		bic	r2, r2, #65536
  36 001c 1A60     		str	r2, [r3, #0]
  37 001e 1A68     		ldr	r2, [r3, #0]
  38 0020 22F48022 		bic	r2, r2, #262144
  39 0024 1A60     		str	r2, [r3, #0]
  40 0026 5A68     		ldr	r2, [r3, #4]
  41 0028 22F4FE02 		bic	r2, r2, #8323072
  42 002c 5A60     		str	r2, [r3, #4]
  43 002e 4FF41F02 		mov	r2, #10420224
  44 0032 9A60     		str	r2, [r3, #8]
  45 0034 7047     		bx	lr
  46              	.L3:
  47 0036 00BF     		.align	2
  48              	.L2:
  49 0038 00100240 		.word	1073876992
  50 003c 0000FFF8 		.word	-117506048
  52              		.section	.text.RCC_HSEConfig,"ax",%progbits
  53              		.align	1
  54              		.global	RCC_HSEConfig
  55              		.thumb
  56              		.thumb_func
  58              	RCC_HSEConfig:
  59              		@ args = 0, pretend = 0, frame = 0
  60              		@ frame_needed = 0, uses_anonymous_args = 0
  61              		@ link register save eliminated.
  62 0000 0C4B     		ldr	r3, .L9
  63 0002 B0F5803F 		cmp	r0, #65536
  64 0006 1A68     		ldr	r2, [r3, #0]
  65 0008 22F48032 		bic	r2, r2, #65536
  66 000c 1A60     		str	r2, [r3, #0]
  67 000e 1A68     		ldr	r2, [r3, #0]
  68 0010 22F48022 		bic	r2, r2, #262144
  69 0014 1A60     		str	r2, [r3, #0]
  70 0016 03D0     		beq	.L6
  71 0018 B0F5802F 		cmp	r0, #262144
  72 001c 08D1     		bne	.L4
  73 001e 03E0     		b	.L7
  74              	.L6:
  75 0020 1A68     		ldr	r2, [r3, #0]
  76 0022 42F48032 		orr	r2, r2, #65536
  77 0026 02E0     		b	.L8
  78              	.L7:
  79 0028 1A68     		ldr	r2, [r3, #0]
  80 002a 42F4A022 		orr	r2, r2, #327680
  81              	.L8:
  82 002e 1A60     		str	r2, [r3, #0]
  83              	.L4:
  84 0030 7047     		bx	lr
  85              	.L10:
  86 0032 00BF     		.align	2
  87              	.L9:
  88 0034 00100240 		.word	1073876992
  90              		.section	.text.RCC_AdjustHSICalibrationValue,"ax",%progbits
  91              		.align	1
  92              		.global	RCC_AdjustHSICalibrationValue
  93              		.thumb
  94              		.thumb_func
  96              	RCC_AdjustHSICalibrationValue:
  97              		@ args = 0, pretend = 0, frame = 0
  98              		@ frame_needed = 0, uses_anonymous_args = 0
  99              		@ link register save eliminated.
 100 0000 034B     		ldr	r3, .L12
 101 0002 1A68     		ldr	r2, [r3, #0]
 102 0004 22F0F802 		bic	r2, r2, #248
 103 0008 42EAC000 		orr	r0, r2, r0, lsl #3
 104 000c 1860     		str	r0, [r3, #0]
 105 000e 7047     		bx	lr
 106              	.L13:
 107              		.align	2
 108              	.L12:
 109 0010 00100240 		.word	1073876992
 111              		.section	.text.RCC_HSICmd,"ax",%progbits
 112              		.align	1
 113              		.global	RCC_HSICmd
 114              		.thumb
 115              		.thumb_func
 117              	RCC_HSICmd:
 118              		@ args = 0, pretend = 0, frame = 0
 119              		@ frame_needed = 0, uses_anonymous_args = 0
 120              		@ link register save eliminated.
 121 0000 014B     		ldr	r3, .L15
 122 0002 1860     		str	r0, [r3, #0]
 123 0004 7047     		bx	lr
 124              	.L16:
 125 0006 00BF     		.align	2
 126              	.L15:
 127 0008 00004242 		.word	1111621632
 129              		.section	.text.RCC_PLLConfig,"ax",%progbits
 130              		.align	1
 131              		.global	RCC_PLLConfig
 132              		.thumb
 133              		.thumb_func
 135              	RCC_PLLConfig:
 136              		@ args = 0, pretend = 0, frame = 0
 137              		@ frame_needed = 0, uses_anonymous_args = 0
 138              		@ link register save eliminated.
 139 0000 034B     		ldr	r3, .L18
 140 0002 5A68     		ldr	r2, [r3, #4]
 141 0004 22F47C12 		bic	r2, r2, #4128768
 142 0008 1043     		orrs	r0, r0, r2
 143 000a 0143     		orrs	r1, r1, r0
 144 000c 5960     		str	r1, [r3, #4]
 145 000e 7047     		bx	lr
 146              	.L19:
 147              		.align	2
 148              	.L18:
 149 0010 00100240 		.word	1073876992
 151              		.section	.text.RCC_PLLCmd,"ax",%progbits
 152              		.align	1
 153              		.global	RCC_PLLCmd
 154              		.thumb
 155              		.thumb_func
 157              	RCC_PLLCmd:
 158              		@ args = 0, pretend = 0, frame = 0
 159              		@ frame_needed = 0, uses_anonymous_args = 0
 160              		@ link register save eliminated.
 161 0000 014B     		ldr	r3, .L21
 162 0002 1860     		str	r0, [r3, #0]
 163 0004 7047     		bx	lr
 164              	.L22:
 165 0006 00BF     		.align	2
 166              	.L21:
 167 0008 60004242 		.word	1111621728
 169              		.section	.text.RCC_SYSCLKConfig,"ax",%progbits
 170              		.align	1
 171              		.global	RCC_SYSCLKConfig
 172              		.thumb
 173              		.thumb_func
 175              	RCC_SYSCLKConfig:
 176              		@ args = 0, pretend = 0, frame = 0
 177              		@ frame_needed = 0, uses_anonymous_args = 0
 178              		@ link register save eliminated.
 179 0000 034B     		ldr	r3, .L24
 180 0002 5A68     		ldr	r2, [r3, #4]
 181 0004 22F00302 		bic	r2, r2, #3
 182 0008 1043     		orrs	r0, r0, r2
 183 000a 5860     		str	r0, [r3, #4]
 184 000c 7047     		bx	lr
 185              	.L25:
 186 000e 00BF     		.align	2
 187              	.L24:
 188 0010 00100240 		.word	1073876992
 190              		.section	.text.RCC_GetSYSCLKSource,"ax",%progbits
 191              		.align	1
 192              		.global	RCC_GetSYSCLKSource
 193              		.thumb
 194              		.thumb_func
 196              	RCC_GetSYSCLKSource:
 197              		@ args = 0, pretend = 0, frame = 0
 198              		@ frame_needed = 0, uses_anonymous_args = 0
 199              		@ link register save eliminated.
 200 0000 024B     		ldr	r3, .L27
 201 0002 5868     		ldr	r0, [r3, #4]
 202 0004 00F00C00 		and	r0, r0, #12
 203 0008 7047     		bx	lr
 204              	.L28:
 205 000a 00BF     		.align	2
 206              	.L27:
 207 000c 00100240 		.word	1073876992
 209              		.section	.text.RCC_HCLKConfig,"ax",%progbits
 210              		.align	1
 211              		.global	RCC_HCLKConfig
 212              		.thumb
 213              		.thumb_func
 215              	RCC_HCLKConfig:
 216              		@ args = 0, pretend = 0, frame = 0
 217              		@ frame_needed = 0, uses_anonymous_args = 0
 218              		@ link register save eliminated.
 219 0000 034B     		ldr	r3, .L30
 220 0002 5A68     		ldr	r2, [r3, #4]
 221 0004 22F0F002 		bic	r2, r2, #240
 222 0008 1043     		orrs	r0, r0, r2
 223 000a 5860     		str	r0, [r3, #4]
 224 000c 7047     		bx	lr
 225              	.L31:
 226 000e 00BF     		.align	2
 227              	.L30:
 228 0010 00100240 		.word	1073876992
 230              		.section	.text.RCC_PCLK1Config,"ax",%progbits
 231              		.align	1
 232              		.global	RCC_PCLK1Config
 233              		.thumb
 234              		.thumb_func
 236              	RCC_PCLK1Config:
 237              		@ args = 0, pretend = 0, frame = 0
 238              		@ frame_needed = 0, uses_anonymous_args = 0
 239              		@ link register save eliminated.
 240 0000 034B     		ldr	r3, .L33
 241 0002 5A68     		ldr	r2, [r3, #4]
 242 0004 22F4E062 		bic	r2, r2, #1792
 243 0008 1043     		orrs	r0, r0, r2
 244 000a 5860     		str	r0, [r3, #4]
 245 000c 7047     		bx	lr
 246              	.L34:
 247 000e 00BF     		.align	2
 248              	.L33:
 249 0010 00100240 		.word	1073876992
 251              		.section	.text.RCC_PCLK2Config,"ax",%progbits
 252              		.align	1
 253              		.global	RCC_PCLK2Config
 254              		.thumb
 255              		.thumb_func
 257              	RCC_PCLK2Config:
 258              		@ args = 0, pretend = 0, frame = 0
 259              		@ frame_needed = 0, uses_anonymous_args = 0
 260              		@ link register save eliminated.
 261 0000 034B     		ldr	r3, .L36
 262 0002 5A68     		ldr	r2, [r3, #4]
 263 0004 22F46052 		bic	r2, r2, #14336
 264 0008 42EAC000 		orr	r0, r2, r0, lsl #3
 265 000c 5860     		str	r0, [r3, #4]
 266 000e 7047     		bx	lr
 267              	.L37:
 268              		.align	2
 269              	.L36:
 270 0010 00100240 		.word	1073876992
 272              		.section	.text.RCC_ITConfig,"ax",%progbits
 273              		.align	1
 274              		.global	RCC_ITConfig
 275              		.thumb
 276              		.thumb_func
 278              	RCC_ITConfig:
 279              		@ args = 0, pretend = 0, frame = 0
 280              		@ frame_needed = 0, uses_anonymous_args = 0
 281              		@ link register save eliminated.
 282 0000 044B     		ldr	r3, .L42
 283 0002 1A78     		ldrb	r2, [r3, #0]	@ zero_extendqisi2
 284 0004 09B1     		cbz	r1, .L39
 285 0006 1043     		orrs	r0, r0, r2
 286 0008 01E0     		b	.L41
 287              	.L39:
 288 000a 22EA0000 		bic	r0, r2, r0
 289              	.L41:
 290 000e 1870     		strb	r0, [r3, #0]
 291 0010 7047     		bx	lr
 292              	.L43:
 293 0012 00BF     		.align	2
 294              	.L42:
 295 0014 09100240 		.word	1073877001
 297              		.section	.text.RCC_USBCLKConfig,"ax",%progbits
 298              		.align	1
 299              		.global	RCC_USBCLKConfig
 300              		.thumb
 301              		.thumb_func
 303              	RCC_USBCLKConfig:
 304              		@ args = 0, pretend = 0, frame = 0
 305              		@ frame_needed = 0, uses_anonymous_args = 0
 306              		@ link register save eliminated.
 307 0000 014B     		ldr	r3, .L45
 308 0002 1860     		str	r0, [r3, #0]
 309 0004 7047     		bx	lr
 310              	.L46:
 311 0006 00BF     		.align	2
 312              	.L45:
 313 0008 D8004242 		.word	1111621848
 315              		.section	.text.RCC_ADCCLKConfig,"ax",%progbits
 316              		.align	1
 317              		.global	RCC_ADCCLKConfig
 318              		.thumb
 319              		.thumb_func
 321              	RCC_ADCCLKConfig:
 322              		@ args = 0, pretend = 0, frame = 0
 323              		@ frame_needed = 0, uses_anonymous_args = 0
 324              		@ link register save eliminated.
 325 0000 034B     		ldr	r3, .L48
 326 0002 5A68     		ldr	r2, [r3, #4]
 327 0004 22F44042 		bic	r2, r2, #49152
 328 0008 1043     		orrs	r0, r0, r2
 329 000a 5860     		str	r0, [r3, #4]
 330 000c 7047     		bx	lr
 331              	.L49:
 332 000e 00BF     		.align	2
 333              	.L48:
 334 0010 00100240 		.word	1073876992
 336              		.section	.text.RCC_LSEConfig,"ax",%progbits
 337              		.align	1
 338              		.global	RCC_LSEConfig
 339              		.thumb
 340              		.thumb_func
 342              	RCC_LSEConfig:
 343              		@ args = 0, pretend = 0, frame = 0
 344              		@ frame_needed = 0, uses_anonymous_args = 0
 345              		@ link register save eliminated.
 346 0000 064B     		ldr	r3, .L54
 347 0002 0022     		movs	r2, #0
 348 0004 0128     		cmp	r0, #1
 349 0006 1A70     		strb	r2, [r3, #0]
 350 0008 1A70     		strb	r2, [r3, #0]
 351 000a 02D0     		beq	.L52
 352 000c 0428     		cmp	r0, #4
 353 000e 04D1     		bne	.L50
 354 0010 01E0     		b	.L53
 355              	.L52:
 356 0012 1870     		strb	r0, [r3, #0]
 357 0014 7047     		bx	lr
 358              	.L53:
 359 0016 0522     		movs	r2, #5
 360 0018 1A70     		strb	r2, [r3, #0]
 361              	.L50:
 362 001a 7047     		bx	lr
 363              	.L55:
 364              		.align	2
 365              	.L54:
 366 001c 20100240 		.word	1073877024
 368              		.section	.text.RCC_LSICmd,"ax",%progbits
 369              		.align	1
 370              		.global	RCC_LSICmd
 371              		.thumb
 372              		.thumb_func
 374              	RCC_LSICmd:
 375              		@ args = 0, pretend = 0, frame = 0
 376              		@ frame_needed = 0, uses_anonymous_args = 0
 377              		@ link register save eliminated.
 378 0000 014B     		ldr	r3, .L57
 379 0002 1860     		str	r0, [r3, #0]
 380 0004 7047     		bx	lr
 381              	.L58:
 382 0006 00BF     		.align	2
 383              	.L57:
 384 0008 80044242 		.word	1111622784
 386              		.section	.text.RCC_RTCCLKConfig,"ax",%progbits
 387              		.align	1
 388              		.global	RCC_RTCCLKConfig
 389              		.thumb
 390              		.thumb_func
 392              	RCC_RTCCLKConfig:
 393              		@ args = 0, pretend = 0, frame = 0
 394              		@ frame_needed = 0, uses_anonymous_args = 0
 395              		@ link register save eliminated.
 396 0000 024B     		ldr	r3, .L60
 397 0002 1A6A     		ldr	r2, [r3, #32]
 398 0004 1043     		orrs	r0, r0, r2
 399 0006 1862     		str	r0, [r3, #32]
 400 0008 7047     		bx	lr
 401              	.L61:
 402 000a 00BF     		.align	2
 403              	.L60:
 404 000c 00100240 		.word	1073876992
 406              		.section	.text.RCC_RTCCLKCmd,"ax",%progbits
 407              		.align	1
 408              		.global	RCC_RTCCLKCmd
 409              		.thumb
 410              		.thumb_func
 412              	RCC_RTCCLKCmd:
 413              		@ args = 0, pretend = 0, frame = 0
 414              		@ frame_needed = 0, uses_anonymous_args = 0
 415              		@ link register save eliminated.
 416 0000 014B     		ldr	r3, .L63
 417 0002 1860     		str	r0, [r3, #0]
 418 0004 7047     		bx	lr
 419              	.L64:
 420 0006 00BF     		.align	2
 421              	.L63:
 422 0008 3C044242 		.word	1111622716
 424              		.section	.text.RCC_GetClocksFreq,"ax",%progbits
 425              		.align	1
 426              		.global	RCC_GetClocksFreq
 427              		.thumb
 428              		.thumb_func
 430              	RCC_GetClocksFreq:
 431              		@ args = 0, pretend = 0, frame = 0
 432              		@ frame_needed = 0, uses_anonymous_args = 0
 433 0000 1E4B     		ldr	r3, .L75
 434 0002 10B5     		push	{r4, lr}
 435 0004 5A68     		ldr	r2, [r3, #4]
 436 0006 02F00C02 		and	r2, r2, #12
 437 000a 042A     		cmp	r2, #4
 438 000c 01D0     		beq	.L68
 439 000e 082A     		cmp	r2, #8
 440 0010 02D0     		beq	.L69
 441              	.L68:
 442 0012 1B4B     		ldr	r3, .L75+4
 443 0014 0360     		str	r3, [r0, #0]
 444 0016 0FE0     		b	.L70
 445              	.L69:
 446 0018 5A68     		ldr	r2, [r3, #4]
 447 001a 5968     		ldr	r1, [r3, #4]
 448 001c C2F38342 		ubfx	r2, r2, #18, #4
 449 0020 0232     		adds	r2, r2, #2
 450 0022 C903     		lsls	r1, r1, #15
 451 0024 00D4     		bmi	.L71
 452 0026 02E0     		b	.L74
 453              	.L71:
 454 0028 5B68     		ldr	r3, [r3, #4]
 455 002a 9B03     		lsls	r3, r3, #14
 456 002c 01D5     		bpl	.L72
 457              	.L74:
 458 002e 154B     		ldr	r3, .L75+8
 459 0030 00E0     		b	.L73
 460              	.L72:
 461 0032 134B     		ldr	r3, .L75+4
 462              	.L73:
 463 0034 5A43     		muls	r2, r3, r2
 464 0036 0260     		str	r2, [r0, #0]
 465              	.L70:
 466 0038 104B     		ldr	r3, .L75
 467 003a 1349     		ldr	r1, .L75+12
 468 003c 5A68     		ldr	r2, [r3, #4]
 469 003e C2F30312 		ubfx	r2, r2, #4, #4
 470 0042 8C5C     		ldrb	r4, [r1, r2]	@ zero_extendqisi2
 471 0044 0268     		ldr	r2, [r0, #0]
 472 0046 22FA04F2 		lsr	r2, r2, r4
 473 004a 4260     		str	r2, [r0, #4]
 474 004c 5C68     		ldr	r4, [r3, #4]
 475 004e C4F30224 		ubfx	r4, r4, #8, #3
 476 0052 0C5D     		ldrb	r4, [r1, r4]	@ zero_extendqisi2
 477 0054 22FA04F4 		lsr	r4, r2, r4
 478 0058 8460     		str	r4, [r0, #8]
 479 005a 5C68     		ldr	r4, [r3, #4]
 480 005c C4F3C224 		ubfx	r4, r4, #11, #3
 481 0060 095D     		ldrb	r1, [r1, r4]	@ zero_extendqisi2
 482 0062 22FA01F2 		lsr	r2, r2, r1
 483 0066 C260     		str	r2, [r0, #12]
 484 0068 5B68     		ldr	r3, [r3, #4]
 485 006a 0849     		ldr	r1, .L75+16
 486 006c C3F38133 		ubfx	r3, r3, #14, #2
 487 0070 CB5C     		ldrb	r3, [r1, r3]	@ zero_extendqisi2
 488 0072 B2FBF3F2 		udiv	r2, r2, r3
 489 0076 0261     		str	r2, [r0, #16]
 490 0078 10BD     		pop	{r4, pc}
 491              	.L76:
 492 007a 00BF     		.align	2
 493              	.L75:
 494 007c 00100240 		.word	1073876992
 495 0080 00127A00 		.word	8000000
 496 0084 00093D00 		.word	4000000
 497 0088 00000000 		.word	.LANCHOR0
 498 008c 00000000 		.word	.LANCHOR1
 500              		.section	.text.RCC_AHBPeriphClockCmd,"ax",%progbits
 501              		.align	1
 502              		.global	RCC_AHBPeriphClockCmd
 503              		.thumb
 504              		.thumb_func
 506              	RCC_AHBPeriphClockCmd:
 507              		@ args = 0, pretend = 0, frame = 0
 508              		@ frame_needed = 0, uses_anonymous_args = 0
 509              		@ link register save eliminated.
 510 0000 044B     		ldr	r3, .L81
 511 0002 5A69     		ldr	r2, [r3, #20]
 512 0004 09B1     		cbz	r1, .L78
 513 0006 1043     		orrs	r0, r0, r2
 514 0008 01E0     		b	.L80
 515              	.L78:
 516 000a 22EA0000 		bic	r0, r2, r0
 517              	.L80:
 518 000e 5861     		str	r0, [r3, #20]
 519 0010 7047     		bx	lr
 520              	.L82:
 521 0012 00BF     		.align	2
 522              	.L81:
 523 0014 00100240 		.word	1073876992
 525              		.section	.text.RCC_APB2PeriphClockCmd,"ax",%progbits
 526              		.align	1
 527              		.global	RCC_APB2PeriphClockCmd
 528              		.thumb
 529              		.thumb_func
 531              	RCC_APB2PeriphClockCmd:
 532              		@ args = 0, pretend = 0, frame = 0
 533              		@ frame_needed = 0, uses_anonymous_args = 0
 534              		@ link register save eliminated.
 535 0000 044B     		ldr	r3, .L87
 536 0002 9A69     		ldr	r2, [r3, #24]
 537 0004 09B1     		cbz	r1, .L84
 538 0006 1043     		orrs	r0, r0, r2
 539 0008 01E0     		b	.L86
 540              	.L84:
 541 000a 22EA0000 		bic	r0, r2, r0
 542              	.L86:
 543 000e 9861     		str	r0, [r3, #24]
 544 0010 7047     		bx	lr
 545              	.L88:
 546 0012 00BF     		.align	2
 547              	.L87:
 548 0014 00100240 		.word	1073876992
 550              		.section	.text.RCC_APB1PeriphClockCmd,"ax",%progbits
 551              		.align	1
 552              		.global	RCC_APB1PeriphClockCmd
 553              		.thumb
 554              		.thumb_func
 556              	RCC_APB1PeriphClockCmd:
 557              		@ args = 0, pretend = 0, frame = 0
 558              		@ frame_needed = 0, uses_anonymous_args = 0
 559              		@ link register save eliminated.
 560 0000 044B     		ldr	r3, .L93
 561 0002 DA69     		ldr	r2, [r3, #28]
 562 0004 09B1     		cbz	r1, .L90
 563 0006 1043     		orrs	r0, r0, r2
 564 0008 01E0     		b	.L92
 565              	.L90:
 566 000a 22EA0000 		bic	r0, r2, r0
 567              	.L92:
 568 000e D861     		str	r0, [r3, #28]
 569 0010 7047     		bx	lr
 570              	.L94:
 571 0012 00BF     		.align	2
 572              	.L93:
 573 0014 00100240 		.word	1073876992
 575              		.section	.text.RCC_APB2PeriphResetCmd,"ax",%progbits
 576              		.align	1
 577              		.global	RCC_APB2PeriphResetCmd
 578              		.thumb
 579              		.thumb_func
 581              	RCC_APB2PeriphResetCmd:
 582              		@ args = 0, pretend = 0, frame = 0
 583              		@ frame_needed = 0, uses_anonymous_args = 0
 584              		@ link register save eliminated.
 585 0000 044B     		ldr	r3, .L99
 586 0002 DA68     		ldr	r2, [r3, #12]
 587 0004 09B1     		cbz	r1, .L96
 588 0006 1043     		orrs	r0, r0, r2
 589 0008 01E0     		b	.L98
 590              	.L96:
 591 000a 22EA0000 		bic	r0, r2, r0
 592              	.L98:
 593 000e D860     		str	r0, [r3, #12]
 594 0010 7047     		bx	lr
 595              	.L100:
 596 0012 00BF     		.align	2
 597              	.L99:
 598 0014 00100240 		.word	1073876992
 600              		.section	.text.RCC_APB1PeriphResetCmd,"ax",%progbits
 601              		.align	1
 602              		.global	RCC_APB1PeriphResetCmd
 603              		.thumb
 604              		.thumb_func
 606              	RCC_APB1PeriphResetCmd:
 607              		@ args = 0, pretend = 0, frame = 0
 608              		@ frame_needed = 0, uses_anonymous_args = 0
 609              		@ link register save eliminated.
 610 0000 044B     		ldr	r3, .L105
 611 0002 1A69     		ldr	r2, [r3, #16]
 612 0004 09B1     		cbz	r1, .L102
 613 0006 1043     		orrs	r0, r0, r2
 614 0008 01E0     		b	.L104
 615              	.L102:
 616 000a 22EA0000 		bic	r0, r2, r0
 617              	.L104:
 618 000e 1861     		str	r0, [r3, #16]
 619 0010 7047     		bx	lr
 620              	.L106:
 621 0012 00BF     		.align	2
 622              	.L105:
 623 0014 00100240 		.word	1073876992
 625              		.section	.text.RCC_BackupResetCmd,"ax",%progbits
 626              		.align	1
 627              		.global	RCC_BackupResetCmd
 628              		.thumb
 629              		.thumb_func
 631              	RCC_BackupResetCmd:
 632              		@ args = 0, pretend = 0, frame = 0
 633              		@ frame_needed = 0, uses_anonymous_args = 0
 634              		@ link register save eliminated.
 635 0000 014B     		ldr	r3, .L108
 636 0002 1860     		str	r0, [r3, #0]
 637 0004 7047     		bx	lr
 638              	.L109:
 639 0006 00BF     		.align	2
 640              	.L108:
 641 0008 40044242 		.word	1111622720
 643              		.section	.text.RCC_ClockSecuritySystemCmd,"ax",%progbits
 644              		.align	1
 645              		.global	RCC_ClockSecuritySystemCmd
 646              		.thumb
 647              		.thumb_func
 649              	RCC_ClockSecuritySystemCmd:
 650              		@ args = 0, pretend = 0, frame = 0
 651              		@ frame_needed = 0, uses_anonymous_args = 0
 652              		@ link register save eliminated.
 653 0000 014B     		ldr	r3, .L111
 654 0002 1860     		str	r0, [r3, #0]
 655 0004 7047     		bx	lr
 656              	.L112:
 657 0006 00BF     		.align	2
 658              	.L111:
 659 0008 4C004242 		.word	1111621708
 661              		.section	.text.RCC_MCOConfig,"ax",%progbits
 662              		.align	1
 663              		.global	RCC_MCOConfig
 664              		.thumb
 665              		.thumb_func
 667              	RCC_MCOConfig:
 668              		@ args = 0, pretend = 0, frame = 0
 669              		@ frame_needed = 0, uses_anonymous_args = 0
 670              		@ link register save eliminated.
 671 0000 014B     		ldr	r3, .L114
 672 0002 1870     		strb	r0, [r3, #0]
 673 0004 7047     		bx	lr
 674              	.L115:
 675 0006 00BF     		.align	2
 676              	.L114:
 677 0008 07100240 		.word	1073876999
 679              		.section	.text.RCC_GetFlagStatus,"ax",%progbits
 680              		.align	1
 681              		.global	RCC_GetFlagStatus
 682              		.thumb
 683              		.thumb_func
 685              	RCC_GetFlagStatus:
 686              		@ args = 0, pretend = 0, frame = 0
 687              		@ frame_needed = 0, uses_anonymous_args = 0
 688              		@ link register save eliminated.
 689 0000 4309     		lsrs	r3, r0, #5
 690 0002 012B     		cmp	r3, #1
 691 0004 074A     		ldr	r2, .L120
 692 0006 01D1     		bne	.L117
 693 0008 1368     		ldr	r3, [r2, #0]
 694 000a 03E0     		b	.L118
 695              	.L117:
 696 000c 022B     		cmp	r3, #2
 697 000e 0CBF     		ite	eq
 698 0010 136A     		ldreq	r3, [r2, #32]
 699 0012 536A     		ldrne	r3, [r2, #36]
 700              	.L118:
 701 0014 00F01F00 		and	r0, r0, #31
 702 0018 23FA00F0 		lsr	r0, r3, r0
 703 001c 00F00100 		and	r0, r0, #1
 704 0020 7047     		bx	lr
 705              	.L121:
 706 0022 00BF     		.align	2
 707              	.L120:
 708 0024 00100240 		.word	1073876992
 710              		.section	.text.RCC_WaitForHSEStartUp,"ax",%progbits
 711              		.align	1
 712              		.global	RCC_WaitForHSEStartUp
 713              		.thumb
 714              		.thumb_func
 716              	RCC_WaitForHSEStartUp:
 717              		@ args = 0, pretend = 0, frame = 8
 718              		@ frame_needed = 0, uses_anonymous_args = 0
 719 0000 07B5     		push	{r0, r1, r2, lr}
 720 0002 0023     		movs	r3, #0
 721 0004 0193     		str	r3, [sp, #4]
 722              	.L124:
 723 0006 3120     		movs	r0, #49
 724 0008 FFF7FEFF 		bl	RCC_GetFlagStatus
 725 000c 019B     		ldr	r3, [sp, #4]
 726 000e 0133     		adds	r3, r3, #1
 727 0010 0193     		str	r3, [sp, #4]
 728 0012 019B     		ldr	r3, [sp, #4]
 729 0014 B3F5A06F 		cmp	r3, #1280
 730 0018 01D0     		beq	.L123
 731 001a 0028     		cmp	r0, #0
 732 001c F3D0     		beq	.L124
 733              	.L123:
 734 001e 3120     		movs	r0, #49
 735 0020 FFF7FEFF 		bl	RCC_GetFlagStatus
 736 0024 0030     		adds	r0, r0, #0
 737 0026 18BF     		it	ne
 738 0028 0120     		movne	r0, #1
 739 002a 0EBD     		pop	{r1, r2, r3, pc}
 741              		.section	.text.RCC_ClearFlag,"ax",%progbits
 742              		.align	1
 743              		.global	RCC_ClearFlag
 744              		.thumb
 745              		.thumb_func
 747              	RCC_ClearFlag:
 748              		@ args = 0, pretend = 0, frame = 0
 749              		@ frame_needed = 0, uses_anonymous_args = 0
 750              		@ link register save eliminated.
 751 0000 024B     		ldr	r3, .L133
 752 0002 5A6A     		ldr	r2, [r3, #36]
 753 0004 42F08072 		orr	r2, r2, #16777216
 754 0008 5A62     		str	r2, [r3, #36]
 755 000a 7047     		bx	lr
 756              	.L134:
 757              		.align	2
 758              	.L133:
 759 000c 00100240 		.word	1073876992
 761              		.section	.text.RCC_GetITStatus,"ax",%progbits
 762              		.align	1
 763              		.global	RCC_GetITStatus
 764              		.thumb
 765              		.thumb_func
 767              	RCC_GetITStatus:
 768              		@ args = 0, pretend = 0, frame = 0
 769              		@ frame_needed = 0, uses_anonymous_args = 0
 770              		@ link register save eliminated.
 771 0000 034B     		ldr	r3, .L136
 772 0002 9B68     		ldr	r3, [r3, #8]
 773 0004 1842     		tst	r0, r3
 774 0006 0CBF     		ite	eq
 775 0008 0020     		moveq	r0, #0
 776 000a 0120     		movne	r0, #1
 777 000c 7047     		bx	lr
 778              	.L137:
 779 000e 00BF     		.align	2
 780              	.L136:
 781 0010 00100240 		.word	1073876992
 783              		.section	.text.RCC_ClearITPendingBit,"ax",%progbits
 784              		.align	1
 785              		.global	RCC_ClearITPendingBit
 786              		.thumb
 787              		.thumb_func
 789              	RCC_ClearITPendingBit:
 790              		@ args = 0, pretend = 0, frame = 0
 791              		@ frame_needed = 0, uses_anonymous_args = 0
 792              		@ link register save eliminated.
 793 0000 014B     		ldr	r3, .L139
 794 0002 1870     		strb	r0, [r3, #0]
 795 0004 7047     		bx	lr
 796              	.L140:
 797 0006 00BF     		.align	2
 798              	.L139:
 799 0008 0A100240 		.word	1073877002
 801              		.section	.data.ADCPrescTable,"aw",%progbits
 802              		.set	.LANCHOR1,. + 0
 805              	ADCPrescTable:
 806 0000 02       		.byte	2
 807 0001 04       		.byte	4
 808 0002 06       		.byte	6
 809 0003 08       		.byte	8
 810              		.section	.data.APBAHBPrescTable,"aw",%progbits
 811              		.set	.LANCHOR0,. + 0
 814              	APBAHBPrescTable:
 815 0000 00       		.byte	0
 816 0001 00       		.byte	0
 817 0002 00       		.byte	0
 818 0003 00       		.byte	0
 819 0004 01       		.byte	1
 820 0005 02       		.byte	2
 821 0006 03       		.byte	3
 822 0007 04       		.byte	4
 823 0008 01       		.byte	1
 824 0009 02       		.byte	2
 825 000a 03       		.byte	3
 826 000b 04       		.byte	4
 827 000c 06       		.byte	6
 828 000d 07       		.byte	7
 829 000e 08       		.byte	8
 830 000f 09       		.byte	9
 831              		.ident	"GCC: (Sourcery CodeBench Lite 2013.05-23) 4.7.3"
DEFINED SYMBOLS
                            *ABS*:00000000 stm32f10x_rcc.c
     /tmp/cckfqwS2.s:16     .text.RCC_DeInit:00000000 $t
     /tmp/cckfqwS2.s:21     .text.RCC_DeInit:00000000 RCC_DeInit
     /tmp/cckfqwS2.s:49     .text.RCC_DeInit:00000038 $d
     /tmp/cckfqwS2.s:53     .text.RCC_HSEConfig:00000000 $t
     /tmp/cckfqwS2.s:58     .text.RCC_HSEConfig:00000000 RCC_HSEConfig
     /tmp/cckfqwS2.s:88     .text.RCC_HSEConfig:00000034 $d
     /tmp/cckfqwS2.s:91     .text.RCC_AdjustHSICalibrationValue:00000000 $t
     /tmp/cckfqwS2.s:96     .text.RCC_AdjustHSICalibrationValue:00000000 RCC_AdjustHSICalibrationValue
     /tmp/cckfqwS2.s:109    .text.RCC_AdjustHSICalibrationValue:00000010 $d
     /tmp/cckfqwS2.s:112    .text.RCC_HSICmd:00000000 $t
     /tmp/cckfqwS2.s:117    .text.RCC_HSICmd:00000000 RCC_HSICmd
     /tmp/cckfqwS2.s:127    .text.RCC_HSICmd:00000008 $d
     /tmp/cckfqwS2.s:130    .text.RCC_PLLConfig:00000000 $t
     /tmp/cckfqwS2.s:135    .text.RCC_PLLConfig:00000000 RCC_PLLConfig
     /tmp/cckfqwS2.s:149    .text.RCC_PLLConfig:00000010 $d
     /tmp/cckfqwS2.s:152    .text.RCC_PLLCmd:00000000 $t
     /tmp/cckfqwS2.s:157    .text.RCC_PLLCmd:00000000 RCC_PLLCmd
     /tmp/cckfqwS2.s:167    .text.RCC_PLLCmd:00000008 $d
     /tmp/cckfqwS2.s:170    .text.RCC_SYSCLKConfig:00000000 $t
     /tmp/cckfqwS2.s:175    .text.RCC_SYSCLKConfig:00000000 RCC_SYSCLKConfig
     /tmp/cckfqwS2.s:188    .text.RCC_SYSCLKConfig:00000010 $d
     /tmp/cckfqwS2.s:191    .text.RCC_GetSYSCLKSource:00000000 $t
     /tmp/cckfqwS2.s:196    .text.RCC_GetSYSCLKSource:00000000 RCC_GetSYSCLKSource
     /tmp/cckfqwS2.s:207    .text.RCC_GetSYSCLKSource:0000000c $d
     /tmp/cckfqwS2.s:210    .text.RCC_HCLKConfig:00000000 $t
     /tmp/cckfqwS2.s:215    .text.RCC_HCLKConfig:00000000 RCC_HCLKConfig
     /tmp/cckfqwS2.s:228    .text.RCC_HCLKConfig:00000010 $d
     /tmp/cckfqwS2.s:231    .text.RCC_PCLK1Config:00000000 $t
     /tmp/cckfqwS2.s:236    .text.RCC_PCLK1Config:00000000 RCC_PCLK1Config
     /tmp/cckfqwS2.s:249    .text.RCC_PCLK1Config:00000010 $d
     /tmp/cckfqwS2.s:252    .text.RCC_PCLK2Config:00000000 $t
     /tmp/cckfqwS2.s:257    .text.RCC_PCLK2Config:00000000 RCC_PCLK2Config
     /tmp/cckfqwS2.s:270    .text.RCC_PCLK2Config:00000010 $d
     /tmp/cckfqwS2.s:273    .text.RCC_ITConfig:00000000 $t
     /tmp/cckfqwS2.s:278    .text.RCC_ITConfig:00000000 RCC_ITConfig
     /tmp/cckfqwS2.s:295    .text.RCC_ITConfig:00000014 $d
     /tmp/cckfqwS2.s:298    .text.RCC_USBCLKConfig:00000000 $t
     /tmp/cckfqwS2.s:303    .text.RCC_USBCLKConfig:00000000 RCC_USBCLKConfig
     /tmp/cckfqwS2.s:313    .text.RCC_USBCLKConfig:00000008 $d
     /tmp/cckfqwS2.s:316    .text.RCC_ADCCLKConfig:00000000 $t
     /tmp/cckfqwS2.s:321    .text.RCC_ADCCLKConfig:00000000 RCC_ADCCLKConfig
     /tmp/cckfqwS2.s:334    .text.RCC_ADCCLKConfig:00000010 $d
     /tmp/cckfqwS2.s:337    .text.RCC_LSEConfig:00000000 $t
     /tmp/cckfqwS2.s:342    .text.RCC_LSEConfig:00000000 RCC_LSEConfig
     /tmp/cckfqwS2.s:366    .text.RCC_LSEConfig:0000001c $d
     /tmp/cckfqwS2.s:369    .text.RCC_LSICmd:00000000 $t
     /tmp/cckfqwS2.s:374    .text.RCC_LSICmd:00000000 RCC_LSICmd
     /tmp/cckfqwS2.s:384    .text.RCC_LSICmd:00000008 $d
     /tmp/cckfqwS2.s:387    .text.RCC_RTCCLKConfig:00000000 $t
     /tmp/cckfqwS2.s:392    .text.RCC_RTCCLKConfig:00000000 RCC_RTCCLKConfig
     /tmp/cckfqwS2.s:404    .text.RCC_RTCCLKConfig:0000000c $d
     /tmp/cckfqwS2.s:407    .text.RCC_RTCCLKCmd:00000000 $t
     /tmp/cckfqwS2.s:412    .text.RCC_RTCCLKCmd:00000000 RCC_RTCCLKCmd
     /tmp/cckfqwS2.s:422    .text.RCC_RTCCLKCmd:00000008 $d
     /tmp/cckfqwS2.s:425    .text.RCC_GetClocksFreq:00000000 $t
     /tmp/cckfqwS2.s:430    .text.RCC_GetClocksFreq:00000000 RCC_GetClocksFreq
     /tmp/cckfqwS2.s:494    .text.RCC_GetClocksFreq:0000007c $d
     /tmp/cckfqwS2.s:501    .text.RCC_AHBPeriphClockCmd:00000000 $t
     /tmp/cckfqwS2.s:506    .text.RCC_AHBPeriphClockCmd:00000000 RCC_AHBPeriphClockCmd
     /tmp/cckfqwS2.s:523    .text.RCC_AHBPeriphClockCmd:00000014 $d
     /tmp/cckfqwS2.s:526    .text.RCC_APB2PeriphClockCmd:00000000 $t
     /tmp/cckfqwS2.s:531    .text.RCC_APB2PeriphClockCmd:00000000 RCC_APB2PeriphClockCmd
     /tmp/cckfqwS2.s:548    .text.RCC_APB2PeriphClockCmd:00000014 $d
     /tmp/cckfqwS2.s:551    .text.RCC_APB1PeriphClockCmd:00000000 $t
     /tmp/cckfqwS2.s:556    .text.RCC_APB1PeriphClockCmd:00000000 RCC_APB1PeriphClockCmd
     /tmp/cckfqwS2.s:573    .text.RCC_APB1PeriphClockCmd:00000014 $d
     /tmp/cckfqwS2.s:576    .text.RCC_APB2PeriphResetCmd:00000000 $t
     /tmp/cckfqwS2.s:581    .text.RCC_APB2PeriphResetCmd:00000000 RCC_APB2PeriphResetCmd
     /tmp/cckfqwS2.s:598    .text.RCC_APB2PeriphResetCmd:00000014 $d
     /tmp/cckfqwS2.s:601    .text.RCC_APB1PeriphResetCmd:00000000 $t
     /tmp/cckfqwS2.s:606    .text.RCC_APB1PeriphResetCmd:00000000 RCC_APB1PeriphResetCmd
     /tmp/cckfqwS2.s:623    .text.RCC_APB1PeriphResetCmd:00000014 $d
     /tmp/cckfqwS2.s:626    .text.RCC_BackupResetCmd:00000000 $t
     /tmp/cckfqwS2.s:631    .text.RCC_BackupResetCmd:00000000 RCC_BackupResetCmd
     /tmp/cckfqwS2.s:641    .text.RCC_BackupResetCmd:00000008 $d
     /tmp/cckfqwS2.s:644    .text.RCC_ClockSecuritySystemCmd:00000000 $t
     /tmp/cckfqwS2.s:649    .text.RCC_ClockSecuritySystemCmd:00000000 RCC_ClockSecuritySystemCmd
     /tmp/cckfqwS2.s:659    .text.RCC_ClockSecuritySystemCmd:00000008 $d
     /tmp/cckfqwS2.s:662    .text.RCC_MCOConfig:00000000 $t
     /tmp/cckfqwS2.s:667    .text.RCC_MCOConfig:00000000 RCC_MCOConfig
     /tmp/cckfqwS2.s:677    .text.RCC_MCOConfig:00000008 $d
     /tmp/cckfqwS2.s:680    .text.RCC_GetFlagStatus:00000000 $t
     /tmp/cckfqwS2.s:685    .text.RCC_GetFlagStatus:00000000 RCC_GetFlagStatus
     /tmp/cckfqwS2.s:708    .text.RCC_GetFlagStatus:00000024 $d
     /tmp/cckfqwS2.s:711    .text.RCC_WaitForHSEStartUp:00000000 $t
     /tmp/cckfqwS2.s:716    .text.RCC_WaitForHSEStartUp:00000000 RCC_WaitForHSEStartUp
     /tmp/cckfqwS2.s:742    .text.RCC_ClearFlag:00000000 $t
     /tmp/cckfqwS2.s:747    .text.RCC_ClearFlag:00000000 RCC_ClearFlag
     /tmp/cckfqwS2.s:759    .text.RCC_ClearFlag:0000000c $d
     /tmp/cckfqwS2.s:762    .text.RCC_GetITStatus:00000000 $t
     /tmp/cckfqwS2.s:767    .text.RCC_GetITStatus:00000000 RCC_GetITStatus
     /tmp/cckfqwS2.s:781    .text.RCC_GetITStatus:00000010 $d
     /tmp/cckfqwS2.s:784    .text.RCC_ClearITPendingBit:00000000 $t
     /tmp/cckfqwS2.s:789    .text.RCC_ClearITPendingBit:00000000 RCC_ClearITPendingBit
     /tmp/cckfqwS2.s:799    .text.RCC_ClearITPendingBit:00000008 $d
     /tmp/cckfqwS2.s:805    .data.ADCPrescTable:00000000 ADCPrescTable
     /tmp/cckfqwS2.s:814    .data.APBAHBPrescTable:00000000 APBAHBPrescTable

NO UNDEFINED SYMBOLS
