   1              		.syntax unified
   2              		.cpu cortex-m3
   3              		.fpu softvfp
   4              		.eabi_attribute 20, 1
   5              		.eabi_attribute 21, 1
   6              		.eabi_attribute 23, 3
   7              		.eabi_attribute 24, 1
   8              		.eabi_attribute 25, 1
   9              		.eabi_attribute 26, 1
  10              		.eabi_attribute 30, 6
  11              		.eabi_attribute 34, 1
  12              		.eabi_attribute 18, 4
  13              		.thumb
  14              		.file	"stm32f10x_rtc.c"
  15              		.text
  16              	.Ltext0:
  17              		.cfi_sections	.debug_frame
  18              		.section	.text.RTC_ITConfig,"ax",%progbits
  19              		.align	2
  20              		.global	RTC_ITConfig
  21              		.thumb
  22              		.thumb_func
  24              	RTC_ITConfig:
  25              	.LFB29:
  26              		.file 1 "../STM32F10x_StdPeriph_Lib_V3.5.0/Libraries/STM32F10x_StdPeriph_Driver/src/stm32f10x_rtc.
   1:../STM32F10x_StdPeriph_Lib_V3.5.0/Libraries/STM32F10x_StdPeriph_Driver/src/stm32f10x_rtc.c **** /**
   2:../STM32F10x_StdPeriph_Lib_V3.5.0/Libraries/STM32F10x_StdPeriph_Driver/src/stm32f10x_rtc.c ****   ******************************************************************************
   3:../STM32F10x_StdPeriph_Lib_V3.5.0/Libraries/STM32F10x_StdPeriph_Driver/src/stm32f10x_rtc.c ****   * @file    stm32f10x_rtc.c
   4:../STM32F10x_StdPeriph_Lib_V3.5.0/Libraries/STM32F10x_StdPeriph_Driver/src/stm32f10x_rtc.c ****   * @author  MCD Application Team
   5:../STM32F10x_StdPeriph_Lib_V3.5.0/Libraries/STM32F10x_StdPeriph_Driver/src/stm32f10x_rtc.c ****   * @version V3.5.0
   6:../STM32F10x_StdPeriph_Lib_V3.5.0/Libraries/STM32F10x_StdPeriph_Driver/src/stm32f10x_rtc.c ****   * @date    11-March-2011
   7:../STM32F10x_StdPeriph_Lib_V3.5.0/Libraries/STM32F10x_StdPeriph_Driver/src/stm32f10x_rtc.c ****   * @brief   This file provides all the RTC firmware functions.
   8:../STM32F10x_StdPeriph_Lib_V3.5.0/Libraries/STM32F10x_StdPeriph_Driver/src/stm32f10x_rtc.c ****   ******************************************************************************
   9:../STM32F10x_StdPeriph_Lib_V3.5.0/Libraries/STM32F10x_StdPeriph_Driver/src/stm32f10x_rtc.c ****   * @attention
  10:../STM32F10x_StdPeriph_Lib_V3.5.0/Libraries/STM32F10x_StdPeriph_Driver/src/stm32f10x_rtc.c ****   *
  11:../STM32F10x_StdPeriph_Lib_V3.5.0/Libraries/STM32F10x_StdPeriph_Driver/src/stm32f10x_rtc.c ****   * THE PRESENT FIRMWARE WHICH IS FOR GUIDANCE ONLY AIMS AT PROVIDING CUSTOMERS
  12:../STM32F10x_StdPeriph_Lib_V3.5.0/Libraries/STM32F10x_StdPeriph_Driver/src/stm32f10x_rtc.c ****   * WITH CODING INFORMATION REGARDING THEIR PRODUCTS IN ORDER FOR THEM TO SAVE
  13:../STM32F10x_StdPeriph_Lib_V3.5.0/Libraries/STM32F10x_StdPeriph_Driver/src/stm32f10x_rtc.c ****   * TIME. AS A RESULT, STMICROELECTRONICS SHALL NOT BE HELD LIABLE FOR ANY
  14:../STM32F10x_StdPeriph_Lib_V3.5.0/Libraries/STM32F10x_StdPeriph_Driver/src/stm32f10x_rtc.c ****   * DIRECT, INDIRECT OR CONSEQUENTIAL DAMAGES WITH RESPECT TO ANY CLAIMS ARISING
  15:../STM32F10x_StdPeriph_Lib_V3.5.0/Libraries/STM32F10x_StdPeriph_Driver/src/stm32f10x_rtc.c ****   * FROM THE CONTENT OF SUCH FIRMWARE AND/OR THE USE MADE BY CUSTOMERS OF THE
  16:../STM32F10x_StdPeriph_Lib_V3.5.0/Libraries/STM32F10x_StdPeriph_Driver/src/stm32f10x_rtc.c ****   * CODING INFORMATION CONTAINED HEREIN IN CONNECTION WITH THEIR PRODUCTS.
  17:../STM32F10x_StdPeriph_Lib_V3.5.0/Libraries/STM32F10x_StdPeriph_Driver/src/stm32f10x_rtc.c ****   *
  18:../STM32F10x_StdPeriph_Lib_V3.5.0/Libraries/STM32F10x_StdPeriph_Driver/src/stm32f10x_rtc.c ****   * <h2><center>&copy; COPYRIGHT 2011 STMicroelectronics</center></h2>
  19:../STM32F10x_StdPeriph_Lib_V3.5.0/Libraries/STM32F10x_StdPeriph_Driver/src/stm32f10x_rtc.c ****   ******************************************************************************
  20:../STM32F10x_StdPeriph_Lib_V3.5.0/Libraries/STM32F10x_StdPeriph_Driver/src/stm32f10x_rtc.c ****   */
  21:../STM32F10x_StdPeriph_Lib_V3.5.0/Libraries/STM32F10x_StdPeriph_Driver/src/stm32f10x_rtc.c **** 
  22:../STM32F10x_StdPeriph_Lib_V3.5.0/Libraries/STM32F10x_StdPeriph_Driver/src/stm32f10x_rtc.c **** /* Includes ------------------------------------------------------------------*/
  23:../STM32F10x_StdPeriph_Lib_V3.5.0/Libraries/STM32F10x_StdPeriph_Driver/src/stm32f10x_rtc.c **** #include "stm32f10x_rtc.h"
  24:../STM32F10x_StdPeriph_Lib_V3.5.0/Libraries/STM32F10x_StdPeriph_Driver/src/stm32f10x_rtc.c **** 
  25:../STM32F10x_StdPeriph_Lib_V3.5.0/Libraries/STM32F10x_StdPeriph_Driver/src/stm32f10x_rtc.c **** /** @addtogroup STM32F10x_StdPeriph_Driver
  26:../STM32F10x_StdPeriph_Lib_V3.5.0/Libraries/STM32F10x_StdPeriph_Driver/src/stm32f10x_rtc.c ****   * @{
  27:../STM32F10x_StdPeriph_Lib_V3.5.0/Libraries/STM32F10x_StdPeriph_Driver/src/stm32f10x_rtc.c ****   */
  28:../STM32F10x_StdPeriph_Lib_V3.5.0/Libraries/STM32F10x_StdPeriph_Driver/src/stm32f10x_rtc.c **** 
  29:../STM32F10x_StdPeriph_Lib_V3.5.0/Libraries/STM32F10x_StdPeriph_Driver/src/stm32f10x_rtc.c **** /** @defgroup RTC 
  30:../STM32F10x_StdPeriph_Lib_V3.5.0/Libraries/STM32F10x_StdPeriph_Driver/src/stm32f10x_rtc.c ****   * @brief RTC driver modules
  31:../STM32F10x_StdPeriph_Lib_V3.5.0/Libraries/STM32F10x_StdPeriph_Driver/src/stm32f10x_rtc.c ****   * @{
  32:../STM32F10x_StdPeriph_Lib_V3.5.0/Libraries/STM32F10x_StdPeriph_Driver/src/stm32f10x_rtc.c ****   */
  33:../STM32F10x_StdPeriph_Lib_V3.5.0/Libraries/STM32F10x_StdPeriph_Driver/src/stm32f10x_rtc.c **** 
  34:../STM32F10x_StdPeriph_Lib_V3.5.0/Libraries/STM32F10x_StdPeriph_Driver/src/stm32f10x_rtc.c **** /** @defgroup RTC_Private_TypesDefinitions
  35:../STM32F10x_StdPeriph_Lib_V3.5.0/Libraries/STM32F10x_StdPeriph_Driver/src/stm32f10x_rtc.c ****   * @{
  36:../STM32F10x_StdPeriph_Lib_V3.5.0/Libraries/STM32F10x_StdPeriph_Driver/src/stm32f10x_rtc.c ****   */ 
  37:../STM32F10x_StdPeriph_Lib_V3.5.0/Libraries/STM32F10x_StdPeriph_Driver/src/stm32f10x_rtc.c **** /**
  38:../STM32F10x_StdPeriph_Lib_V3.5.0/Libraries/STM32F10x_StdPeriph_Driver/src/stm32f10x_rtc.c ****   * @}
  39:../STM32F10x_StdPeriph_Lib_V3.5.0/Libraries/STM32F10x_StdPeriph_Driver/src/stm32f10x_rtc.c ****   */
  40:../STM32F10x_StdPeriph_Lib_V3.5.0/Libraries/STM32F10x_StdPeriph_Driver/src/stm32f10x_rtc.c **** 
  41:../STM32F10x_StdPeriph_Lib_V3.5.0/Libraries/STM32F10x_StdPeriph_Driver/src/stm32f10x_rtc.c **** /** @defgroup RTC_Private_Defines
  42:../STM32F10x_StdPeriph_Lib_V3.5.0/Libraries/STM32F10x_StdPeriph_Driver/src/stm32f10x_rtc.c ****   * @{
  43:../STM32F10x_StdPeriph_Lib_V3.5.0/Libraries/STM32F10x_StdPeriph_Driver/src/stm32f10x_rtc.c ****   */
  44:../STM32F10x_StdPeriph_Lib_V3.5.0/Libraries/STM32F10x_StdPeriph_Driver/src/stm32f10x_rtc.c **** #define RTC_LSB_MASK     ((uint32_t)0x0000FFFF)  /*!< RTC LSB Mask */
  45:../STM32F10x_StdPeriph_Lib_V3.5.0/Libraries/STM32F10x_StdPeriph_Driver/src/stm32f10x_rtc.c **** #define PRLH_MSB_MASK    ((uint32_t)0x000F0000)  /*!< RTC Prescaler MSB Mask */
  46:../STM32F10x_StdPeriph_Lib_V3.5.0/Libraries/STM32F10x_StdPeriph_Driver/src/stm32f10x_rtc.c **** 
  47:../STM32F10x_StdPeriph_Lib_V3.5.0/Libraries/STM32F10x_StdPeriph_Driver/src/stm32f10x_rtc.c **** /**
  48:../STM32F10x_StdPeriph_Lib_V3.5.0/Libraries/STM32F10x_StdPeriph_Driver/src/stm32f10x_rtc.c ****   * @}
  49:../STM32F10x_StdPeriph_Lib_V3.5.0/Libraries/STM32F10x_StdPeriph_Driver/src/stm32f10x_rtc.c ****   */
  50:../STM32F10x_StdPeriph_Lib_V3.5.0/Libraries/STM32F10x_StdPeriph_Driver/src/stm32f10x_rtc.c **** 
  51:../STM32F10x_StdPeriph_Lib_V3.5.0/Libraries/STM32F10x_StdPeriph_Driver/src/stm32f10x_rtc.c **** /** @defgroup RTC_Private_Macros
  52:../STM32F10x_StdPeriph_Lib_V3.5.0/Libraries/STM32F10x_StdPeriph_Driver/src/stm32f10x_rtc.c ****   * @{
  53:../STM32F10x_StdPeriph_Lib_V3.5.0/Libraries/STM32F10x_StdPeriph_Driver/src/stm32f10x_rtc.c ****   */
  54:../STM32F10x_StdPeriph_Lib_V3.5.0/Libraries/STM32F10x_StdPeriph_Driver/src/stm32f10x_rtc.c **** 
  55:../STM32F10x_StdPeriph_Lib_V3.5.0/Libraries/STM32F10x_StdPeriph_Driver/src/stm32f10x_rtc.c **** /**
  56:../STM32F10x_StdPeriph_Lib_V3.5.0/Libraries/STM32F10x_StdPeriph_Driver/src/stm32f10x_rtc.c ****   * @}
  57:../STM32F10x_StdPeriph_Lib_V3.5.0/Libraries/STM32F10x_StdPeriph_Driver/src/stm32f10x_rtc.c ****   */
  58:../STM32F10x_StdPeriph_Lib_V3.5.0/Libraries/STM32F10x_StdPeriph_Driver/src/stm32f10x_rtc.c **** 
  59:../STM32F10x_StdPeriph_Lib_V3.5.0/Libraries/STM32F10x_StdPeriph_Driver/src/stm32f10x_rtc.c **** /** @defgroup RTC_Private_Variables
  60:../STM32F10x_StdPeriph_Lib_V3.5.0/Libraries/STM32F10x_StdPeriph_Driver/src/stm32f10x_rtc.c ****   * @{
  61:../STM32F10x_StdPeriph_Lib_V3.5.0/Libraries/STM32F10x_StdPeriph_Driver/src/stm32f10x_rtc.c ****   */
  62:../STM32F10x_StdPeriph_Lib_V3.5.0/Libraries/STM32F10x_StdPeriph_Driver/src/stm32f10x_rtc.c **** 
  63:../STM32F10x_StdPeriph_Lib_V3.5.0/Libraries/STM32F10x_StdPeriph_Driver/src/stm32f10x_rtc.c **** /**
  64:../STM32F10x_StdPeriph_Lib_V3.5.0/Libraries/STM32F10x_StdPeriph_Driver/src/stm32f10x_rtc.c ****   * @}
  65:../STM32F10x_StdPeriph_Lib_V3.5.0/Libraries/STM32F10x_StdPeriph_Driver/src/stm32f10x_rtc.c ****   */
  66:../STM32F10x_StdPeriph_Lib_V3.5.0/Libraries/STM32F10x_StdPeriph_Driver/src/stm32f10x_rtc.c **** 
  67:../STM32F10x_StdPeriph_Lib_V3.5.0/Libraries/STM32F10x_StdPeriph_Driver/src/stm32f10x_rtc.c **** /** @defgroup RTC_Private_FunctionPrototypes
  68:../STM32F10x_StdPeriph_Lib_V3.5.0/Libraries/STM32F10x_StdPeriph_Driver/src/stm32f10x_rtc.c ****   * @{
  69:../STM32F10x_StdPeriph_Lib_V3.5.0/Libraries/STM32F10x_StdPeriph_Driver/src/stm32f10x_rtc.c ****   */
  70:../STM32F10x_StdPeriph_Lib_V3.5.0/Libraries/STM32F10x_StdPeriph_Driver/src/stm32f10x_rtc.c **** 
  71:../STM32F10x_StdPeriph_Lib_V3.5.0/Libraries/STM32F10x_StdPeriph_Driver/src/stm32f10x_rtc.c **** /**
  72:../STM32F10x_StdPeriph_Lib_V3.5.0/Libraries/STM32F10x_StdPeriph_Driver/src/stm32f10x_rtc.c ****   * @}
  73:../STM32F10x_StdPeriph_Lib_V3.5.0/Libraries/STM32F10x_StdPeriph_Driver/src/stm32f10x_rtc.c ****   */
  74:../STM32F10x_StdPeriph_Lib_V3.5.0/Libraries/STM32F10x_StdPeriph_Driver/src/stm32f10x_rtc.c **** 
  75:../STM32F10x_StdPeriph_Lib_V3.5.0/Libraries/STM32F10x_StdPeriph_Driver/src/stm32f10x_rtc.c **** /** @defgroup RTC_Private_Functions
  76:../STM32F10x_StdPeriph_Lib_V3.5.0/Libraries/STM32F10x_StdPeriph_Driver/src/stm32f10x_rtc.c ****   * @{
  77:../STM32F10x_StdPeriph_Lib_V3.5.0/Libraries/STM32F10x_StdPeriph_Driver/src/stm32f10x_rtc.c ****   */
  78:../STM32F10x_StdPeriph_Lib_V3.5.0/Libraries/STM32F10x_StdPeriph_Driver/src/stm32f10x_rtc.c **** 
  79:../STM32F10x_StdPeriph_Lib_V3.5.0/Libraries/STM32F10x_StdPeriph_Driver/src/stm32f10x_rtc.c **** /**
  80:../STM32F10x_StdPeriph_Lib_V3.5.0/Libraries/STM32F10x_StdPeriph_Driver/src/stm32f10x_rtc.c ****   * @brief  Enables or disables the specified RTC interrupts.
  81:../STM32F10x_StdPeriph_Lib_V3.5.0/Libraries/STM32F10x_StdPeriph_Driver/src/stm32f10x_rtc.c ****   * @param  RTC_IT: specifies the RTC interrupts sources to be enabled or disabled.
  82:../STM32F10x_StdPeriph_Lib_V3.5.0/Libraries/STM32F10x_StdPeriph_Driver/src/stm32f10x_rtc.c ****   *   This parameter can be any combination of the following values:
  83:../STM32F10x_StdPeriph_Lib_V3.5.0/Libraries/STM32F10x_StdPeriph_Driver/src/stm32f10x_rtc.c ****   *     @arg RTC_IT_OW: Overflow interrupt
  84:../STM32F10x_StdPeriph_Lib_V3.5.0/Libraries/STM32F10x_StdPeriph_Driver/src/stm32f10x_rtc.c ****   *     @arg RTC_IT_ALR: Alarm interrupt
  85:../STM32F10x_StdPeriph_Lib_V3.5.0/Libraries/STM32F10x_StdPeriph_Driver/src/stm32f10x_rtc.c ****   *     @arg RTC_IT_SEC: Second interrupt
  86:../STM32F10x_StdPeriph_Lib_V3.5.0/Libraries/STM32F10x_StdPeriph_Driver/src/stm32f10x_rtc.c ****   * @param  NewState: new state of the specified RTC interrupts.
  87:../STM32F10x_StdPeriph_Lib_V3.5.0/Libraries/STM32F10x_StdPeriph_Driver/src/stm32f10x_rtc.c ****   *   This parameter can be: ENABLE or DISABLE.
  88:../STM32F10x_StdPeriph_Lib_V3.5.0/Libraries/STM32F10x_StdPeriph_Driver/src/stm32f10x_rtc.c ****   * @retval None
  89:../STM32F10x_StdPeriph_Lib_V3.5.0/Libraries/STM32F10x_StdPeriph_Driver/src/stm32f10x_rtc.c ****   */
  90:../STM32F10x_StdPeriph_Lib_V3.5.0/Libraries/STM32F10x_StdPeriph_Driver/src/stm32f10x_rtc.c **** void RTC_ITConfig(uint16_t RTC_IT, FunctionalState NewState)
  91:../STM32F10x_StdPeriph_Lib_V3.5.0/Libraries/STM32F10x_StdPeriph_Driver/src/stm32f10x_rtc.c **** {
  27              		.loc 1 91 0
  28              		.cfi_startproc
  29              		@ args = 0, pretend = 0, frame = 8
  30              		@ frame_needed = 1, uses_anonymous_args = 0
  31              		@ link register save eliminated.
  32 0000 80B4     		push	{r7}
  33              	.LCFI0:
  34              		.cfi_def_cfa_offset 4
  35              		.cfi_offset 7, -4
  36 0002 83B0     		sub	sp, sp, #12
  37              	.LCFI1:
  38              		.cfi_def_cfa_offset 16
  39 0004 00AF     		add	r7, sp, #0
  40              	.LCFI2:
  41              		.cfi_def_cfa_register 7
  42 0006 0246     		mov	r2, r0
  43 0008 0B46     		mov	r3, r1
  44 000a FA80     		strh	r2, [r7, #6]	@ movhi
  45 000c 7B71     		strb	r3, [r7, #5]
  92:../STM32F10x_StdPeriph_Lib_V3.5.0/Libraries/STM32F10x_StdPeriph_Driver/src/stm32f10x_rtc.c ****   /* Check the parameters */
  93:../STM32F10x_StdPeriph_Lib_V3.5.0/Libraries/STM32F10x_StdPeriph_Driver/src/stm32f10x_rtc.c ****   assert_param(IS_RTC_IT(RTC_IT));  
  94:../STM32F10x_StdPeriph_Lib_V3.5.0/Libraries/STM32F10x_StdPeriph_Driver/src/stm32f10x_rtc.c ****   assert_param(IS_FUNCTIONAL_STATE(NewState));
  95:../STM32F10x_StdPeriph_Lib_V3.5.0/Libraries/STM32F10x_StdPeriph_Driver/src/stm32f10x_rtc.c ****   
  96:../STM32F10x_StdPeriph_Lib_V3.5.0/Libraries/STM32F10x_StdPeriph_Driver/src/stm32f10x_rtc.c ****   if (NewState != DISABLE)
  46              		.loc 1 96 0
  47 000e 7B79     		ldrb	r3, [r7, #5]	@ zero_extendqisi2
  48 0010 002B     		cmp	r3, #0
  49 0012 08D0     		beq	.L2
  97:../STM32F10x_StdPeriph_Lib_V3.5.0/Libraries/STM32F10x_StdPeriph_Driver/src/stm32f10x_rtc.c ****   {
  98:../STM32F10x_StdPeriph_Lib_V3.5.0/Libraries/STM32F10x_StdPeriph_Driver/src/stm32f10x_rtc.c ****     RTC->CRH |= RTC_IT;
  50              		.loc 1 98 0
  51 0014 0C4B     		ldr	r3, .L4
  52 0016 0C4A     		ldr	r2, .L4
  53 0018 1288     		ldrh	r2, [r2, #0]	@ movhi
  54 001a 91B2     		uxth	r1, r2
  55 001c FA88     		ldrh	r2, [r7, #6]	@ movhi
  56 001e 0A43     		orrs	r2, r2, r1
  57 0020 92B2     		uxth	r2, r2
  58 0022 1A80     		strh	r2, [r3, #0]	@ movhi
  59 0024 0AE0     		b	.L1
  60              	.L2:
  99:../STM32F10x_StdPeriph_Lib_V3.5.0/Libraries/STM32F10x_StdPeriph_Driver/src/stm32f10x_rtc.c ****   }
 100:../STM32F10x_StdPeriph_Lib_V3.5.0/Libraries/STM32F10x_StdPeriph_Driver/src/stm32f10x_rtc.c ****   else
 101:../STM32F10x_StdPeriph_Lib_V3.5.0/Libraries/STM32F10x_StdPeriph_Driver/src/stm32f10x_rtc.c ****   {
 102:../STM32F10x_StdPeriph_Lib_V3.5.0/Libraries/STM32F10x_StdPeriph_Driver/src/stm32f10x_rtc.c ****     RTC->CRH &= (uint16_t)~RTC_IT;
  61              		.loc 1 102 0
  62 0026 084B     		ldr	r3, .L4
  63 0028 074A     		ldr	r2, .L4
  64 002a 1288     		ldrh	r2, [r2, #0]	@ movhi
  65 002c 91B2     		uxth	r1, r2
  66 002e FA88     		ldrh	r2, [r7, #6]	@ movhi
  67 0030 6FEA0202 		mvn	r2, r2
  68 0034 92B2     		uxth	r2, r2
  69 0036 0A40     		ands	r2, r2, r1
  70 0038 92B2     		uxth	r2, r2
  71 003a 1A80     		strh	r2, [r3, #0]	@ movhi
  72              	.L1:
 103:../STM32F10x_StdPeriph_Lib_V3.5.0/Libraries/STM32F10x_StdPeriph_Driver/src/stm32f10x_rtc.c ****   }
 104:../STM32F10x_StdPeriph_Lib_V3.5.0/Libraries/STM32F10x_StdPeriph_Driver/src/stm32f10x_rtc.c **** }
  73              		.loc 1 104 0
  74 003c 07F10C07 		add	r7, r7, #12
  75 0040 BD46     		mov	sp, r7
  76 0042 80BC     		pop	{r7}
  77 0044 7047     		bx	lr
  78              	.L5:
  79 0046 00BF     		.align	2
  80              	.L4:
  81 0048 00280040 		.word	1073752064
  82              		.cfi_endproc
  83              	.LFE29:
  85              		.section	.text.RTC_EnterConfigMode,"ax",%progbits
  86              		.align	2
  87              		.global	RTC_EnterConfigMode
  88              		.thumb
  89              		.thumb_func
  91              	RTC_EnterConfigMode:
  92              	.LFB30:
 105:../STM32F10x_StdPeriph_Lib_V3.5.0/Libraries/STM32F10x_StdPeriph_Driver/src/stm32f10x_rtc.c **** 
 106:../STM32F10x_StdPeriph_Lib_V3.5.0/Libraries/STM32F10x_StdPeriph_Driver/src/stm32f10x_rtc.c **** /**
 107:../STM32F10x_StdPeriph_Lib_V3.5.0/Libraries/STM32F10x_StdPeriph_Driver/src/stm32f10x_rtc.c ****   * @brief  Enters the RTC configuration mode.
 108:../STM32F10x_StdPeriph_Lib_V3.5.0/Libraries/STM32F10x_StdPeriph_Driver/src/stm32f10x_rtc.c ****   * @param  None
 109:../STM32F10x_StdPeriph_Lib_V3.5.0/Libraries/STM32F10x_StdPeriph_Driver/src/stm32f10x_rtc.c ****   * @retval None
 110:../STM32F10x_StdPeriph_Lib_V3.5.0/Libraries/STM32F10x_StdPeriph_Driver/src/stm32f10x_rtc.c ****   */
 111:../STM32F10x_StdPeriph_Lib_V3.5.0/Libraries/STM32F10x_StdPeriph_Driver/src/stm32f10x_rtc.c **** void RTC_EnterConfigMode(void)
 112:../STM32F10x_StdPeriph_Lib_V3.5.0/Libraries/STM32F10x_StdPeriph_Driver/src/stm32f10x_rtc.c **** {
  93              		.loc 1 112 0
  94              		.cfi_startproc
  95              		@ args = 0, pretend = 0, frame = 0
  96              		@ frame_needed = 1, uses_anonymous_args = 0
  97              		@ link register save eliminated.
  98 0000 80B4     		push	{r7}
  99              	.LCFI3:
 100              		.cfi_def_cfa_offset 4
 101              		.cfi_offset 7, -4
 102 0002 00AF     		add	r7, sp, #0
 103              	.LCFI4:
 104              		.cfi_def_cfa_register 7
 113:../STM32F10x_StdPeriph_Lib_V3.5.0/Libraries/STM32F10x_StdPeriph_Driver/src/stm32f10x_rtc.c ****   /* Set the CNF flag to enter in the Configuration Mode */
 114:../STM32F10x_StdPeriph_Lib_V3.5.0/Libraries/STM32F10x_StdPeriph_Driver/src/stm32f10x_rtc.c ****   RTC->CRL |= RTC_CRL_CNF;
 105              		.loc 1 114 0
 106 0004 054B     		ldr	r3, .L7
 107 0006 054A     		ldr	r2, .L7
 108 0008 9288     		ldrh	r2, [r2, #4]	@ movhi
 109 000a 92B2     		uxth	r2, r2
 110 000c 42F01002 		orr	r2, r2, #16
 111 0010 92B2     		uxth	r2, r2
 112 0012 9A80     		strh	r2, [r3, #4]	@ movhi
 115:../STM32F10x_StdPeriph_Lib_V3.5.0/Libraries/STM32F10x_StdPeriph_Driver/src/stm32f10x_rtc.c **** }
 113              		.loc 1 115 0
 114 0014 BD46     		mov	sp, r7
 115 0016 80BC     		pop	{r7}
 116 0018 7047     		bx	lr
 117              	.L8:
 118 001a 00BF     		.align	2
 119              	.L7:
 120 001c 00280040 		.word	1073752064
 121              		.cfi_endproc
 122              	.LFE30:
 124              		.section	.text.RTC_ExitConfigMode,"ax",%progbits
 125              		.align	2
 126              		.global	RTC_ExitConfigMode
 127              		.thumb
 128              		.thumb_func
 130              	RTC_ExitConfigMode:
 131              	.LFB31:
 116:../STM32F10x_StdPeriph_Lib_V3.5.0/Libraries/STM32F10x_StdPeriph_Driver/src/stm32f10x_rtc.c **** 
 117:../STM32F10x_StdPeriph_Lib_V3.5.0/Libraries/STM32F10x_StdPeriph_Driver/src/stm32f10x_rtc.c **** /**
 118:../STM32F10x_StdPeriph_Lib_V3.5.0/Libraries/STM32F10x_StdPeriph_Driver/src/stm32f10x_rtc.c ****   * @brief  Exits from the RTC configuration mode.
 119:../STM32F10x_StdPeriph_Lib_V3.5.0/Libraries/STM32F10x_StdPeriph_Driver/src/stm32f10x_rtc.c ****   * @param  None
 120:../STM32F10x_StdPeriph_Lib_V3.5.0/Libraries/STM32F10x_StdPeriph_Driver/src/stm32f10x_rtc.c ****   * @retval None
 121:../STM32F10x_StdPeriph_Lib_V3.5.0/Libraries/STM32F10x_StdPeriph_Driver/src/stm32f10x_rtc.c ****   */
 122:../STM32F10x_StdPeriph_Lib_V3.5.0/Libraries/STM32F10x_StdPeriph_Driver/src/stm32f10x_rtc.c **** void RTC_ExitConfigMode(void)
 123:../STM32F10x_StdPeriph_Lib_V3.5.0/Libraries/STM32F10x_StdPeriph_Driver/src/stm32f10x_rtc.c **** {
 132              		.loc 1 123 0
 133              		.cfi_startproc
 134              		@ args = 0, pretend = 0, frame = 0
 135              		@ frame_needed = 1, uses_anonymous_args = 0
 136              		@ link register save eliminated.
 137 0000 80B4     		push	{r7}
 138              	.LCFI5:
 139              		.cfi_def_cfa_offset 4
 140              		.cfi_offset 7, -4
 141 0002 00AF     		add	r7, sp, #0
 142              	.LCFI6:
 143              		.cfi_def_cfa_register 7
 124:../STM32F10x_StdPeriph_Lib_V3.5.0/Libraries/STM32F10x_StdPeriph_Driver/src/stm32f10x_rtc.c ****   /* Reset the CNF flag to exit from the Configuration Mode */
 125:../STM32F10x_StdPeriph_Lib_V3.5.0/Libraries/STM32F10x_StdPeriph_Driver/src/stm32f10x_rtc.c ****   RTC->CRL &= (uint16_t)~((uint16_t)RTC_CRL_CNF); 
 144              		.loc 1 125 0
 145 0004 054B     		ldr	r3, .L10
 146 0006 054A     		ldr	r2, .L10
 147 0008 9288     		ldrh	r2, [r2, #4]	@ movhi
 148 000a 92B2     		uxth	r2, r2
 149 000c 22F01002 		bic	r2, r2, #16
 150 0010 92B2     		uxth	r2, r2
 151 0012 9A80     		strh	r2, [r3, #4]	@ movhi
 126:../STM32F10x_StdPeriph_Lib_V3.5.0/Libraries/STM32F10x_StdPeriph_Driver/src/stm32f10x_rtc.c **** }
 152              		.loc 1 126 0
 153 0014 BD46     		mov	sp, r7
 154 0016 80BC     		pop	{r7}
 155 0018 7047     		bx	lr
 156              	.L11:
 157 001a 00BF     		.align	2
 158              	.L10:
 159 001c 00280040 		.word	1073752064
 160              		.cfi_endproc
 161              	.LFE31:
 163              		.section	.text.RTC_GetCounter,"ax",%progbits
 164              		.align	2
 165              		.global	RTC_GetCounter
 166              		.thumb
 167              		.thumb_func
 169              	RTC_GetCounter:
 170              	.LFB32:
 127:../STM32F10x_StdPeriph_Lib_V3.5.0/Libraries/STM32F10x_StdPeriph_Driver/src/stm32f10x_rtc.c **** 
 128:../STM32F10x_StdPeriph_Lib_V3.5.0/Libraries/STM32F10x_StdPeriph_Driver/src/stm32f10x_rtc.c **** /**
 129:../STM32F10x_StdPeriph_Lib_V3.5.0/Libraries/STM32F10x_StdPeriph_Driver/src/stm32f10x_rtc.c ****   * @brief  Gets the RTC counter value.
 130:../STM32F10x_StdPeriph_Lib_V3.5.0/Libraries/STM32F10x_StdPeriph_Driver/src/stm32f10x_rtc.c ****   * @param  None
 131:../STM32F10x_StdPeriph_Lib_V3.5.0/Libraries/STM32F10x_StdPeriph_Driver/src/stm32f10x_rtc.c ****   * @retval RTC counter value.
 132:../STM32F10x_StdPeriph_Lib_V3.5.0/Libraries/STM32F10x_StdPeriph_Driver/src/stm32f10x_rtc.c ****   */
 133:../STM32F10x_StdPeriph_Lib_V3.5.0/Libraries/STM32F10x_StdPeriph_Driver/src/stm32f10x_rtc.c **** uint32_t RTC_GetCounter(void)
 134:../STM32F10x_StdPeriph_Lib_V3.5.0/Libraries/STM32F10x_StdPeriph_Driver/src/stm32f10x_rtc.c **** {
 171              		.loc 1 134 0
 172              		.cfi_startproc
 173              		@ args = 0, pretend = 0, frame = 8
 174              		@ frame_needed = 1, uses_anonymous_args = 0
 175              		@ link register save eliminated.
 176 0000 80B4     		push	{r7}
 177              	.LCFI7:
 178              		.cfi_def_cfa_offset 4
 179              		.cfi_offset 7, -4
 180 0002 83B0     		sub	sp, sp, #12
 181              	.LCFI8:
 182              		.cfi_def_cfa_offset 16
 183 0004 00AF     		add	r7, sp, #0
 184              	.LCFI9:
 185              		.cfi_def_cfa_register 7
 135:../STM32F10x_StdPeriph_Lib_V3.5.0/Libraries/STM32F10x_StdPeriph_Driver/src/stm32f10x_rtc.c ****   uint16_t tmp = 0;
 186              		.loc 1 135 0
 187 0006 4FF00003 		mov	r3, #0
 188 000a FB80     		strh	r3, [r7, #6]	@ movhi
 136:../STM32F10x_StdPeriph_Lib_V3.5.0/Libraries/STM32F10x_StdPeriph_Driver/src/stm32f10x_rtc.c ****   tmp = RTC->CNTL;
 189              		.loc 1 136 0
 190 000c 074B     		ldr	r3, .L14
 191 000e 9B8B     		ldrh	r3, [r3, #28]	@ movhi
 192 0010 FB80     		strh	r3, [r7, #6]	@ movhi
 137:../STM32F10x_StdPeriph_Lib_V3.5.0/Libraries/STM32F10x_StdPeriph_Driver/src/stm32f10x_rtc.c ****   return (((uint32_t)RTC->CNTH << 16 ) | tmp) ;
 193              		.loc 1 137 0
 194 0012 064B     		ldr	r3, .L14
 195 0014 1B8B     		ldrh	r3, [r3, #24]	@ movhi
 196 0016 9BB2     		uxth	r3, r3
 197 0018 4FEA0342 		lsl	r2, r3, #16
 198 001c FB88     		ldrh	r3, [r7, #6]
 199 001e 1343     		orrs	r3, r3, r2
 138:../STM32F10x_StdPeriph_Lib_V3.5.0/Libraries/STM32F10x_StdPeriph_Driver/src/stm32f10x_rtc.c **** }
 200              		.loc 1 138 0
 201 0020 1846     		mov	r0, r3
 202 0022 07F10C07 		add	r7, r7, #12
 203 0026 BD46     		mov	sp, r7
 204 0028 80BC     		pop	{r7}
 205 002a 7047     		bx	lr
 206              	.L15:
 207              		.align	2
 208              	.L14:
 209 002c 00280040 		.word	1073752064
 210              		.cfi_endproc
 211              	.LFE32:
 213              		.section	.text.RTC_SetCounter,"ax",%progbits
 214              		.align	2
 215              		.global	RTC_SetCounter
 216              		.thumb
 217              		.thumb_func
 219              	RTC_SetCounter:
 220              	.LFB33:
 139:../STM32F10x_StdPeriph_Lib_V3.5.0/Libraries/STM32F10x_StdPeriph_Driver/src/stm32f10x_rtc.c **** 
 140:../STM32F10x_StdPeriph_Lib_V3.5.0/Libraries/STM32F10x_StdPeriph_Driver/src/stm32f10x_rtc.c **** /**
 141:../STM32F10x_StdPeriph_Lib_V3.5.0/Libraries/STM32F10x_StdPeriph_Driver/src/stm32f10x_rtc.c ****   * @brief  Sets the RTC counter value.
 142:../STM32F10x_StdPeriph_Lib_V3.5.0/Libraries/STM32F10x_StdPeriph_Driver/src/stm32f10x_rtc.c ****   * @param  CounterValue: RTC counter new value.
 143:../STM32F10x_StdPeriph_Lib_V3.5.0/Libraries/STM32F10x_StdPeriph_Driver/src/stm32f10x_rtc.c ****   * @retval None
 144:../STM32F10x_StdPeriph_Lib_V3.5.0/Libraries/STM32F10x_StdPeriph_Driver/src/stm32f10x_rtc.c ****   */
 145:../STM32F10x_StdPeriph_Lib_V3.5.0/Libraries/STM32F10x_StdPeriph_Driver/src/stm32f10x_rtc.c **** void RTC_SetCounter(uint32_t CounterValue)
 146:../STM32F10x_StdPeriph_Lib_V3.5.0/Libraries/STM32F10x_StdPeriph_Driver/src/stm32f10x_rtc.c **** { 
 221              		.loc 1 146 0
 222              		.cfi_startproc
 223              		@ args = 0, pretend = 0, frame = 8
 224              		@ frame_needed = 1, uses_anonymous_args = 0
 225 0000 80B5     		push	{r7, lr}
 226              	.LCFI10:
 227              		.cfi_def_cfa_offset 8
 228              		.cfi_offset 7, -8
 229              		.cfi_offset 14, -4
 230 0002 82B0     		sub	sp, sp, #8
 231              	.LCFI11:
 232              		.cfi_def_cfa_offset 16
 233 0004 00AF     		add	r7, sp, #0
 234              	.LCFI12:
 235              		.cfi_def_cfa_register 7
 236 0006 7860     		str	r0, [r7, #4]
 147:../STM32F10x_StdPeriph_Lib_V3.5.0/Libraries/STM32F10x_StdPeriph_Driver/src/stm32f10x_rtc.c ****   RTC_EnterConfigMode();
 237              		.loc 1 147 0
 238 0008 FFF7FEFF 		bl	RTC_EnterConfigMode
 148:../STM32F10x_StdPeriph_Lib_V3.5.0/Libraries/STM32F10x_StdPeriph_Driver/src/stm32f10x_rtc.c ****   /* Set RTC COUNTER MSB word */
 149:../STM32F10x_StdPeriph_Lib_V3.5.0/Libraries/STM32F10x_StdPeriph_Driver/src/stm32f10x_rtc.c ****   RTC->CNTH = CounterValue >> 16;
 239              		.loc 1 149 0
 240 000c 074B     		ldr	r3, .L17
 241 000e 7A68     		ldr	r2, [r7, #4]
 242 0010 4FEA1242 		lsr	r2, r2, #16
 243 0014 92B2     		uxth	r2, r2
 244 0016 1A83     		strh	r2, [r3, #24]	@ movhi
 150:../STM32F10x_StdPeriph_Lib_V3.5.0/Libraries/STM32F10x_StdPeriph_Driver/src/stm32f10x_rtc.c ****   /* Set RTC COUNTER LSB word */
 151:../STM32F10x_StdPeriph_Lib_V3.5.0/Libraries/STM32F10x_StdPeriph_Driver/src/stm32f10x_rtc.c ****   RTC->CNTL = (CounterValue & RTC_LSB_MASK);
 245              		.loc 1 151 0
 246 0018 044B     		ldr	r3, .L17
 247 001a 7A68     		ldr	r2, [r7, #4]
 248 001c 92B2     		uxth	r2, r2
 249 001e 9A83     		strh	r2, [r3, #28]	@ movhi
 152:../STM32F10x_StdPeriph_Lib_V3.5.0/Libraries/STM32F10x_StdPeriph_Driver/src/stm32f10x_rtc.c ****   RTC_ExitConfigMode();
 250              		.loc 1 152 0
 251 0020 FFF7FEFF 		bl	RTC_ExitConfigMode
 153:../STM32F10x_StdPeriph_Lib_V3.5.0/Libraries/STM32F10x_StdPeriph_Driver/src/stm32f10x_rtc.c **** }
 252              		.loc 1 153 0
 253 0024 07F10807 		add	r7, r7, #8
 254 0028 BD46     		mov	sp, r7
 255 002a 80BD     		pop	{r7, pc}
 256              	.L18:
 257              		.align	2
 258              	.L17:
 259 002c 00280040 		.word	1073752064
 260              		.cfi_endproc
 261              	.LFE33:
 263              		.section	.text.RTC_SetPrescaler,"ax",%progbits
 264              		.align	2
 265              		.global	RTC_SetPrescaler
 266              		.thumb
 267              		.thumb_func
 269              	RTC_SetPrescaler:
 270              	.LFB34:
 154:../STM32F10x_StdPeriph_Lib_V3.5.0/Libraries/STM32F10x_StdPeriph_Driver/src/stm32f10x_rtc.c **** 
 155:../STM32F10x_StdPeriph_Lib_V3.5.0/Libraries/STM32F10x_StdPeriph_Driver/src/stm32f10x_rtc.c **** /**
 156:../STM32F10x_StdPeriph_Lib_V3.5.0/Libraries/STM32F10x_StdPeriph_Driver/src/stm32f10x_rtc.c ****   * @brief  Sets the RTC prescaler value.
 157:../STM32F10x_StdPeriph_Lib_V3.5.0/Libraries/STM32F10x_StdPeriph_Driver/src/stm32f10x_rtc.c ****   * @param  PrescalerValue: RTC prescaler new value.
 158:../STM32F10x_StdPeriph_Lib_V3.5.0/Libraries/STM32F10x_StdPeriph_Driver/src/stm32f10x_rtc.c ****   * @retval None
 159:../STM32F10x_StdPeriph_Lib_V3.5.0/Libraries/STM32F10x_StdPeriph_Driver/src/stm32f10x_rtc.c ****   */
 160:../STM32F10x_StdPeriph_Lib_V3.5.0/Libraries/STM32F10x_StdPeriph_Driver/src/stm32f10x_rtc.c **** void RTC_SetPrescaler(uint32_t PrescalerValue)
 161:../STM32F10x_StdPeriph_Lib_V3.5.0/Libraries/STM32F10x_StdPeriph_Driver/src/stm32f10x_rtc.c **** {
 271              		.loc 1 161 0
 272              		.cfi_startproc
 273              		@ args = 0, pretend = 0, frame = 8
 274              		@ frame_needed = 1, uses_anonymous_args = 0
 275 0000 80B5     		push	{r7, lr}
 276              	.LCFI13:
 277              		.cfi_def_cfa_offset 8
 278              		.cfi_offset 7, -8
 279              		.cfi_offset 14, -4
 280 0002 82B0     		sub	sp, sp, #8
 281              	.LCFI14:
 282              		.cfi_def_cfa_offset 16
 283 0004 00AF     		add	r7, sp, #0
 284              	.LCFI15:
 285              		.cfi_def_cfa_register 7
 286 0006 7860     		str	r0, [r7, #4]
 162:../STM32F10x_StdPeriph_Lib_V3.5.0/Libraries/STM32F10x_StdPeriph_Driver/src/stm32f10x_rtc.c ****   /* Check the parameters */
 163:../STM32F10x_StdPeriph_Lib_V3.5.0/Libraries/STM32F10x_StdPeriph_Driver/src/stm32f10x_rtc.c ****   assert_param(IS_RTC_PRESCALER(PrescalerValue));
 164:../STM32F10x_StdPeriph_Lib_V3.5.0/Libraries/STM32F10x_StdPeriph_Driver/src/stm32f10x_rtc.c ****   
 165:../STM32F10x_StdPeriph_Lib_V3.5.0/Libraries/STM32F10x_StdPeriph_Driver/src/stm32f10x_rtc.c ****   RTC_EnterConfigMode();
 287              		.loc 1 165 0
 288 0008 FFF7FEFF 		bl	RTC_EnterConfigMode
 166:../STM32F10x_StdPeriph_Lib_V3.5.0/Libraries/STM32F10x_StdPeriph_Driver/src/stm32f10x_rtc.c ****   /* Set RTC PRESCALER MSB word */
 167:../STM32F10x_StdPeriph_Lib_V3.5.0/Libraries/STM32F10x_StdPeriph_Driver/src/stm32f10x_rtc.c ****   RTC->PRLH = (PrescalerValue & PRLH_MSB_MASK) >> 16;
 289              		.loc 1 167 0
 290 000c 084B     		ldr	r3, .L20
 291 000e 7A68     		ldr	r2, [r7, #4]
 292 0010 02F47022 		and	r2, r2, #983040
 293 0014 4FEA1242 		lsr	r2, r2, #16
 294 0018 92B2     		uxth	r2, r2
 295 001a 1A81     		strh	r2, [r3, #8]	@ movhi
 168:../STM32F10x_StdPeriph_Lib_V3.5.0/Libraries/STM32F10x_StdPeriph_Driver/src/stm32f10x_rtc.c ****   /* Set RTC PRESCALER LSB word */
 169:../STM32F10x_StdPeriph_Lib_V3.5.0/Libraries/STM32F10x_StdPeriph_Driver/src/stm32f10x_rtc.c ****   RTC->PRLL = (PrescalerValue & RTC_LSB_MASK);
 296              		.loc 1 169 0
 297 001c 044B     		ldr	r3, .L20
 298 001e 7A68     		ldr	r2, [r7, #4]
 299 0020 92B2     		uxth	r2, r2
 300 0022 9A81     		strh	r2, [r3, #12]	@ movhi
 170:../STM32F10x_StdPeriph_Lib_V3.5.0/Libraries/STM32F10x_StdPeriph_Driver/src/stm32f10x_rtc.c ****   RTC_ExitConfigMode();
 301              		.loc 1 170 0
 302 0024 FFF7FEFF 		bl	RTC_ExitConfigMode
 171:../STM32F10x_StdPeriph_Lib_V3.5.0/Libraries/STM32F10x_StdPeriph_Driver/src/stm32f10x_rtc.c **** }
 303              		.loc 1 171 0
 304 0028 07F10807 		add	r7, r7, #8
 305 002c BD46     		mov	sp, r7
 306 002e 80BD     		pop	{r7, pc}
 307              	.L21:
 308              		.align	2
 309              	.L20:
 310 0030 00280040 		.word	1073752064
 311              		.cfi_endproc
 312              	.LFE34:
 314              		.section	.text.RTC_SetAlarm,"ax",%progbits
 315              		.align	2
 316              		.global	RTC_SetAlarm
 317              		.thumb
 318              		.thumb_func
 320              	RTC_SetAlarm:
 321              	.LFB35:
 172:../STM32F10x_StdPeriph_Lib_V3.5.0/Libraries/STM32F10x_StdPeriph_Driver/src/stm32f10x_rtc.c **** 
 173:../STM32F10x_StdPeriph_Lib_V3.5.0/Libraries/STM32F10x_StdPeriph_Driver/src/stm32f10x_rtc.c **** /**
 174:../STM32F10x_StdPeriph_Lib_V3.5.0/Libraries/STM32F10x_StdPeriph_Driver/src/stm32f10x_rtc.c ****   * @brief  Sets the RTC alarm value.
 175:../STM32F10x_StdPeriph_Lib_V3.5.0/Libraries/STM32F10x_StdPeriph_Driver/src/stm32f10x_rtc.c ****   * @param  AlarmValue: RTC alarm new value.
 176:../STM32F10x_StdPeriph_Lib_V3.5.0/Libraries/STM32F10x_StdPeriph_Driver/src/stm32f10x_rtc.c ****   * @retval None
 177:../STM32F10x_StdPeriph_Lib_V3.5.0/Libraries/STM32F10x_StdPeriph_Driver/src/stm32f10x_rtc.c ****   */
 178:../STM32F10x_StdPeriph_Lib_V3.5.0/Libraries/STM32F10x_StdPeriph_Driver/src/stm32f10x_rtc.c **** void RTC_SetAlarm(uint32_t AlarmValue)
 179:../STM32F10x_StdPeriph_Lib_V3.5.0/Libraries/STM32F10x_StdPeriph_Driver/src/stm32f10x_rtc.c **** {  
 322              		.loc 1 179 0
 323              		.cfi_startproc
 324              		@ args = 0, pretend = 0, frame = 8
 325              		@ frame_needed = 1, uses_anonymous_args = 0
 326 0000 80B5     		push	{r7, lr}
 327              	.LCFI16:
 328              		.cfi_def_cfa_offset 8
 329              		.cfi_offset 7, -8
 330              		.cfi_offset 14, -4
 331 0002 82B0     		sub	sp, sp, #8
 332              	.LCFI17:
 333              		.cfi_def_cfa_offset 16
 334 0004 00AF     		add	r7, sp, #0
 335              	.LCFI18:
 336              		.cfi_def_cfa_register 7
 337 0006 7860     		str	r0, [r7, #4]
 180:../STM32F10x_StdPeriph_Lib_V3.5.0/Libraries/STM32F10x_StdPeriph_Driver/src/stm32f10x_rtc.c ****   RTC_EnterConfigMode();
 338              		.loc 1 180 0
 339 0008 FFF7FEFF 		bl	RTC_EnterConfigMode
 181:../STM32F10x_StdPeriph_Lib_V3.5.0/Libraries/STM32F10x_StdPeriph_Driver/src/stm32f10x_rtc.c ****   /* Set the ALARM MSB word */
 182:../STM32F10x_StdPeriph_Lib_V3.5.0/Libraries/STM32F10x_StdPeriph_Driver/src/stm32f10x_rtc.c ****   RTC->ALRH = AlarmValue >> 16;
 340              		.loc 1 182 0
 341 000c 074B     		ldr	r3, .L23
 342 000e 7A68     		ldr	r2, [r7, #4]
 343 0010 4FEA1242 		lsr	r2, r2, #16
 344 0014 92B2     		uxth	r2, r2
 345 0016 1A84     		strh	r2, [r3, #32]	@ movhi
 183:../STM32F10x_StdPeriph_Lib_V3.5.0/Libraries/STM32F10x_StdPeriph_Driver/src/stm32f10x_rtc.c ****   /* Set the ALARM LSB word */
 184:../STM32F10x_StdPeriph_Lib_V3.5.0/Libraries/STM32F10x_StdPeriph_Driver/src/stm32f10x_rtc.c ****   RTC->ALRL = (AlarmValue & RTC_LSB_MASK);
 346              		.loc 1 184 0
 347 0018 044B     		ldr	r3, .L23
 348 001a 7A68     		ldr	r2, [r7, #4]
 349 001c 92B2     		uxth	r2, r2
 350 001e 9A84     		strh	r2, [r3, #36]	@ movhi
 185:../STM32F10x_StdPeriph_Lib_V3.5.0/Libraries/STM32F10x_StdPeriph_Driver/src/stm32f10x_rtc.c ****   RTC_ExitConfigMode();
 351              		.loc 1 185 0
 352 0020 FFF7FEFF 		bl	RTC_ExitConfigMode
 186:../STM32F10x_StdPeriph_Lib_V3.5.0/Libraries/STM32F10x_StdPeriph_Driver/src/stm32f10x_rtc.c **** }
 353              		.loc 1 186 0
 354 0024 07F10807 		add	r7, r7, #8
 355 0028 BD46     		mov	sp, r7
 356 002a 80BD     		pop	{r7, pc}
 357              	.L24:
 358              		.align	2
 359              	.L23:
 360 002c 00280040 		.word	1073752064
 361              		.cfi_endproc
 362              	.LFE35:
 364              		.section	.text.RTC_GetDivider,"ax",%progbits
 365              		.align	2
 366              		.global	RTC_GetDivider
 367              		.thumb
 368              		.thumb_func
 370              	RTC_GetDivider:
 371              	.LFB36:
 187:../STM32F10x_StdPeriph_Lib_V3.5.0/Libraries/STM32F10x_StdPeriph_Driver/src/stm32f10x_rtc.c **** 
 188:../STM32F10x_StdPeriph_Lib_V3.5.0/Libraries/STM32F10x_StdPeriph_Driver/src/stm32f10x_rtc.c **** /**
 189:../STM32F10x_StdPeriph_Lib_V3.5.0/Libraries/STM32F10x_StdPeriph_Driver/src/stm32f10x_rtc.c ****   * @brief  Gets the RTC divider value.
 190:../STM32F10x_StdPeriph_Lib_V3.5.0/Libraries/STM32F10x_StdPeriph_Driver/src/stm32f10x_rtc.c ****   * @param  None
 191:../STM32F10x_StdPeriph_Lib_V3.5.0/Libraries/STM32F10x_StdPeriph_Driver/src/stm32f10x_rtc.c ****   * @retval RTC Divider value.
 192:../STM32F10x_StdPeriph_Lib_V3.5.0/Libraries/STM32F10x_StdPeriph_Driver/src/stm32f10x_rtc.c ****   */
 193:../STM32F10x_StdPeriph_Lib_V3.5.0/Libraries/STM32F10x_StdPeriph_Driver/src/stm32f10x_rtc.c **** uint32_t RTC_GetDivider(void)
 194:../STM32F10x_StdPeriph_Lib_V3.5.0/Libraries/STM32F10x_StdPeriph_Driver/src/stm32f10x_rtc.c **** {
 372              		.loc 1 194 0
 373              		.cfi_startproc
 374              		@ args = 0, pretend = 0, frame = 8
 375              		@ frame_needed = 1, uses_anonymous_args = 0
 376              		@ link register save eliminated.
 377 0000 80B4     		push	{r7}
 378              	.LCFI19:
 379              		.cfi_def_cfa_offset 4
 380              		.cfi_offset 7, -4
 381 0002 83B0     		sub	sp, sp, #12
 382              	.LCFI20:
 383              		.cfi_def_cfa_offset 16
 384 0004 00AF     		add	r7, sp, #0
 385              	.LCFI21:
 386              		.cfi_def_cfa_register 7
 195:../STM32F10x_StdPeriph_Lib_V3.5.0/Libraries/STM32F10x_StdPeriph_Driver/src/stm32f10x_rtc.c ****   uint32_t tmp = 0x00;
 387              		.loc 1 195 0
 388 0006 4FF00003 		mov	r3, #0
 389 000a 7B60     		str	r3, [r7, #4]
 196:../STM32F10x_StdPeriph_Lib_V3.5.0/Libraries/STM32F10x_StdPeriph_Driver/src/stm32f10x_rtc.c ****   tmp = ((uint32_t)RTC->DIVH & (uint32_t)0x000F) << 16;
 390              		.loc 1 196 0
 391 000c 0A4B     		ldr	r3, .L27
 392 000e 1B8A     		ldrh	r3, [r3, #16]	@ movhi
 393 0010 9BB2     		uxth	r3, r3
 394 0012 03F00F03 		and	r3, r3, #15
 395 0016 4FEA0343 		lsl	r3, r3, #16
 396 001a 7B60     		str	r3, [r7, #4]
 197:../STM32F10x_StdPeriph_Lib_V3.5.0/Libraries/STM32F10x_StdPeriph_Driver/src/stm32f10x_rtc.c ****   tmp |= RTC->DIVL;
 397              		.loc 1 197 0
 398 001c 064B     		ldr	r3, .L27
 399 001e 9B8A     		ldrh	r3, [r3, #20]	@ movhi
 400 0020 9BB2     		uxth	r3, r3
 401 0022 7A68     		ldr	r2, [r7, #4]
 402 0024 1343     		orrs	r3, r3, r2
 403 0026 7B60     		str	r3, [r7, #4]
 198:../STM32F10x_StdPeriph_Lib_V3.5.0/Libraries/STM32F10x_StdPeriph_Driver/src/stm32f10x_rtc.c ****   return tmp;
 404              		.loc 1 198 0
 405 0028 7B68     		ldr	r3, [r7, #4]
 199:../STM32F10x_StdPeriph_Lib_V3.5.0/Libraries/STM32F10x_StdPeriph_Driver/src/stm32f10x_rtc.c **** }
 406              		.loc 1 199 0
 407 002a 1846     		mov	r0, r3
 408 002c 07F10C07 		add	r7, r7, #12
 409 0030 BD46     		mov	sp, r7
 410 0032 80BC     		pop	{r7}
 411 0034 7047     		bx	lr
 412              	.L28:
 413 0036 00BF     		.align	2
 414              	.L27:
 415 0038 00280040 		.word	1073752064
 416              		.cfi_endproc
 417              	.LFE36:
 419              		.section	.text.RTC_WaitForLastTask,"ax",%progbits
 420              		.align	2
 421              		.global	RTC_WaitForLastTask
 422              		.thumb
 423              		.thumb_func
 425              	RTC_WaitForLastTask:
 426              	.LFB37:
 200:../STM32F10x_StdPeriph_Lib_V3.5.0/Libraries/STM32F10x_StdPeriph_Driver/src/stm32f10x_rtc.c **** 
 201:../STM32F10x_StdPeriph_Lib_V3.5.0/Libraries/STM32F10x_StdPeriph_Driver/src/stm32f10x_rtc.c **** /**
 202:../STM32F10x_StdPeriph_Lib_V3.5.0/Libraries/STM32F10x_StdPeriph_Driver/src/stm32f10x_rtc.c ****   * @brief  Waits until last write operation on RTC registers has finished.
 203:../STM32F10x_StdPeriph_Lib_V3.5.0/Libraries/STM32F10x_StdPeriph_Driver/src/stm32f10x_rtc.c ****   * @note   This function must be called before any write to RTC registers.
 204:../STM32F10x_StdPeriph_Lib_V3.5.0/Libraries/STM32F10x_StdPeriph_Driver/src/stm32f10x_rtc.c ****   * @param  None
 205:../STM32F10x_StdPeriph_Lib_V3.5.0/Libraries/STM32F10x_StdPeriph_Driver/src/stm32f10x_rtc.c ****   * @retval None
 206:../STM32F10x_StdPeriph_Lib_V3.5.0/Libraries/STM32F10x_StdPeriph_Driver/src/stm32f10x_rtc.c ****   */
 207:../STM32F10x_StdPeriph_Lib_V3.5.0/Libraries/STM32F10x_StdPeriph_Driver/src/stm32f10x_rtc.c **** void RTC_WaitForLastTask(void)
 208:../STM32F10x_StdPeriph_Lib_V3.5.0/Libraries/STM32F10x_StdPeriph_Driver/src/stm32f10x_rtc.c **** {
 427              		.loc 1 208 0
 428              		.cfi_startproc
 429              		@ args = 0, pretend = 0, frame = 0
 430              		@ frame_needed = 1, uses_anonymous_args = 0
 431              		@ link register save eliminated.
 432 0000 80B4     		push	{r7}
 433              	.LCFI22:
 434              		.cfi_def_cfa_offset 4
 435              		.cfi_offset 7, -4
 436 0002 00AF     		add	r7, sp, #0
 437              	.LCFI23:
 438              		.cfi_def_cfa_register 7
 209:../STM32F10x_StdPeriph_Lib_V3.5.0/Libraries/STM32F10x_StdPeriph_Driver/src/stm32f10x_rtc.c ****   /* Loop until RTOFF flag is set */
 210:../STM32F10x_StdPeriph_Lib_V3.5.0/Libraries/STM32F10x_StdPeriph_Driver/src/stm32f10x_rtc.c ****   while ((RTC->CRL & RTC_FLAG_RTOFF) == (uint16_t)RESET)
 439              		.loc 1 210 0
 440 0004 00BF     		nop
 441              	.L30:
 442              		.loc 1 210 0 is_stmt 0 discriminator 1
 443 0006 054B     		ldr	r3, .L31
 444 0008 9B88     		ldrh	r3, [r3, #4]	@ movhi
 445 000a 9BB2     		uxth	r3, r3
 446 000c 03F02003 		and	r3, r3, #32
 447 0010 002B     		cmp	r3, #0
 448 0012 F8D0     		beq	.L30
 211:../STM32F10x_StdPeriph_Lib_V3.5.0/Libraries/STM32F10x_StdPeriph_Driver/src/stm32f10x_rtc.c ****   {
 212:../STM32F10x_StdPeriph_Lib_V3.5.0/Libraries/STM32F10x_StdPeriph_Driver/src/stm32f10x_rtc.c ****   }
 213:../STM32F10x_StdPeriph_Lib_V3.5.0/Libraries/STM32F10x_StdPeriph_Driver/src/stm32f10x_rtc.c **** }
 449              		.loc 1 213 0 is_stmt 1
 450 0014 BD46     		mov	sp, r7
 451 0016 80BC     		pop	{r7}
 452 0018 7047     		bx	lr
 453              	.L32:
 454 001a 00BF     		.align	2
 455              	.L31:
 456 001c 00280040 		.word	1073752064
 457              		.cfi_endproc
 458              	.LFE37:
 460              		.section	.text.RTC_WaitForSynchro,"ax",%progbits
 461              		.align	2
 462              		.global	RTC_WaitForSynchro
 463              		.thumb
 464              		.thumb_func
 466              	RTC_WaitForSynchro:
 467              	.LFB38:
 214:../STM32F10x_StdPeriph_Lib_V3.5.0/Libraries/STM32F10x_StdPeriph_Driver/src/stm32f10x_rtc.c **** 
 215:../STM32F10x_StdPeriph_Lib_V3.5.0/Libraries/STM32F10x_StdPeriph_Driver/src/stm32f10x_rtc.c **** /**
 216:../STM32F10x_StdPeriph_Lib_V3.5.0/Libraries/STM32F10x_StdPeriph_Driver/src/stm32f10x_rtc.c ****   * @brief  Waits until the RTC registers (RTC_CNT, RTC_ALR and RTC_PRL)
 217:../STM32F10x_StdPeriph_Lib_V3.5.0/Libraries/STM32F10x_StdPeriph_Driver/src/stm32f10x_rtc.c ****   *   are synchronized with RTC APB clock.
 218:../STM32F10x_StdPeriph_Lib_V3.5.0/Libraries/STM32F10x_StdPeriph_Driver/src/stm32f10x_rtc.c ****   * @note   This function must be called before any read operation after an APB reset
 219:../STM32F10x_StdPeriph_Lib_V3.5.0/Libraries/STM32F10x_StdPeriph_Driver/src/stm32f10x_rtc.c ****   *   or an APB clock stop.
 220:../STM32F10x_StdPeriph_Lib_V3.5.0/Libraries/STM32F10x_StdPeriph_Driver/src/stm32f10x_rtc.c ****   * @param  None
 221:../STM32F10x_StdPeriph_Lib_V3.5.0/Libraries/STM32F10x_StdPeriph_Driver/src/stm32f10x_rtc.c ****   * @retval None
 222:../STM32F10x_StdPeriph_Lib_V3.5.0/Libraries/STM32F10x_StdPeriph_Driver/src/stm32f10x_rtc.c ****   */
 223:../STM32F10x_StdPeriph_Lib_V3.5.0/Libraries/STM32F10x_StdPeriph_Driver/src/stm32f10x_rtc.c **** void RTC_WaitForSynchro(void)
 224:../STM32F10x_StdPeriph_Lib_V3.5.0/Libraries/STM32F10x_StdPeriph_Driver/src/stm32f10x_rtc.c **** {
 468              		.loc 1 224 0
 469              		.cfi_startproc
 470              		@ args = 0, pretend = 0, frame = 0
 471              		@ frame_needed = 1, uses_anonymous_args = 0
 472              		@ link register save eliminated.
 473 0000 80B4     		push	{r7}
 474              	.LCFI24:
 475              		.cfi_def_cfa_offset 4
 476              		.cfi_offset 7, -4
 477 0002 00AF     		add	r7, sp, #0
 478              	.LCFI25:
 479              		.cfi_def_cfa_register 7
 225:../STM32F10x_StdPeriph_Lib_V3.5.0/Libraries/STM32F10x_StdPeriph_Driver/src/stm32f10x_rtc.c ****   /* Clear RSF flag */
 226:../STM32F10x_StdPeriph_Lib_V3.5.0/Libraries/STM32F10x_StdPeriph_Driver/src/stm32f10x_rtc.c ****   RTC->CRL &= (uint16_t)~RTC_FLAG_RSF;
 480              		.loc 1 226 0
 481 0004 094B     		ldr	r3, .L35
 482 0006 094A     		ldr	r2, .L35
 483 0008 9288     		ldrh	r2, [r2, #4]	@ movhi
 484 000a 92B2     		uxth	r2, r2
 485 000c 22F00802 		bic	r2, r2, #8
 486 0010 92B2     		uxth	r2, r2
 487 0012 9A80     		strh	r2, [r3, #4]	@ movhi
 227:../STM32F10x_StdPeriph_Lib_V3.5.0/Libraries/STM32F10x_StdPeriph_Driver/src/stm32f10x_rtc.c ****   /* Loop until RSF flag is set */
 228:../STM32F10x_StdPeriph_Lib_V3.5.0/Libraries/STM32F10x_StdPeriph_Driver/src/stm32f10x_rtc.c ****   while ((RTC->CRL & RTC_FLAG_RSF) == (uint16_t)RESET)
 488              		.loc 1 228 0
 489 0014 00BF     		nop
 490              	.L34:
 491              		.loc 1 228 0 is_stmt 0 discriminator 1
 492 0016 054B     		ldr	r3, .L35
 493 0018 9B88     		ldrh	r3, [r3, #4]	@ movhi
 494 001a 9BB2     		uxth	r3, r3
 495 001c 03F00803 		and	r3, r3, #8
 496 0020 002B     		cmp	r3, #0
 497 0022 F8D0     		beq	.L34
 229:../STM32F10x_StdPeriph_Lib_V3.5.0/Libraries/STM32F10x_StdPeriph_Driver/src/stm32f10x_rtc.c ****   {
 230:../STM32F10x_StdPeriph_Lib_V3.5.0/Libraries/STM32F10x_StdPeriph_Driver/src/stm32f10x_rtc.c ****   }
 231:../STM32F10x_StdPeriph_Lib_V3.5.0/Libraries/STM32F10x_StdPeriph_Driver/src/stm32f10x_rtc.c **** }
 498              		.loc 1 231 0 is_stmt 1
 499 0024 BD46     		mov	sp, r7
 500 0026 80BC     		pop	{r7}
 501 0028 7047     		bx	lr
 502              	.L36:
 503 002a 00BF     		.align	2
 504              	.L35:
 505 002c 00280040 		.word	1073752064
 506              		.cfi_endproc
 507              	.LFE38:
 509              		.section	.text.RTC_GetFlagStatus,"ax",%progbits
 510              		.align	2
 511              		.global	RTC_GetFlagStatus
 512              		.thumb
 513              		.thumb_func
 515              	RTC_GetFlagStatus:
 516              	.LFB39:
 232:../STM32F10x_StdPeriph_Lib_V3.5.0/Libraries/STM32F10x_StdPeriph_Driver/src/stm32f10x_rtc.c **** 
 233:../STM32F10x_StdPeriph_Lib_V3.5.0/Libraries/STM32F10x_StdPeriph_Driver/src/stm32f10x_rtc.c **** /**
 234:../STM32F10x_StdPeriph_Lib_V3.5.0/Libraries/STM32F10x_StdPeriph_Driver/src/stm32f10x_rtc.c ****   * @brief  Checks whether the specified RTC flag is set or not.
 235:../STM32F10x_StdPeriph_Lib_V3.5.0/Libraries/STM32F10x_StdPeriph_Driver/src/stm32f10x_rtc.c ****   * @param  RTC_FLAG: specifies the flag to check.
 236:../STM32F10x_StdPeriph_Lib_V3.5.0/Libraries/STM32F10x_StdPeriph_Driver/src/stm32f10x_rtc.c ****   *   This parameter can be one the following values:
 237:../STM32F10x_StdPeriph_Lib_V3.5.0/Libraries/STM32F10x_StdPeriph_Driver/src/stm32f10x_rtc.c ****   *     @arg RTC_FLAG_RTOFF: RTC Operation OFF flag
 238:../STM32F10x_StdPeriph_Lib_V3.5.0/Libraries/STM32F10x_StdPeriph_Driver/src/stm32f10x_rtc.c ****   *     @arg RTC_FLAG_RSF: Registers Synchronized flag
 239:../STM32F10x_StdPeriph_Lib_V3.5.0/Libraries/STM32F10x_StdPeriph_Driver/src/stm32f10x_rtc.c ****   *     @arg RTC_FLAG_OW: Overflow flag
 240:../STM32F10x_StdPeriph_Lib_V3.5.0/Libraries/STM32F10x_StdPeriph_Driver/src/stm32f10x_rtc.c ****   *     @arg RTC_FLAG_ALR: Alarm flag
 241:../STM32F10x_StdPeriph_Lib_V3.5.0/Libraries/STM32F10x_StdPeriph_Driver/src/stm32f10x_rtc.c ****   *     @arg RTC_FLAG_SEC: Second flag
 242:../STM32F10x_StdPeriph_Lib_V3.5.0/Libraries/STM32F10x_StdPeriph_Driver/src/stm32f10x_rtc.c ****   * @retval The new state of RTC_FLAG (SET or RESET).
 243:../STM32F10x_StdPeriph_Lib_V3.5.0/Libraries/STM32F10x_StdPeriph_Driver/src/stm32f10x_rtc.c ****   */
 244:../STM32F10x_StdPeriph_Lib_V3.5.0/Libraries/STM32F10x_StdPeriph_Driver/src/stm32f10x_rtc.c **** FlagStatus RTC_GetFlagStatus(uint16_t RTC_FLAG)
 245:../STM32F10x_StdPeriph_Lib_V3.5.0/Libraries/STM32F10x_StdPeriph_Driver/src/stm32f10x_rtc.c **** {
 517              		.loc 1 245 0
 518              		.cfi_startproc
 519              		@ args = 0, pretend = 0, frame = 16
 520              		@ frame_needed = 1, uses_anonymous_args = 0
 521              		@ link register save eliminated.
 522 0000 80B4     		push	{r7}
 523              	.LCFI26:
 524              		.cfi_def_cfa_offset 4
 525              		.cfi_offset 7, -4
 526 0002 85B0     		sub	sp, sp, #20
 527              	.LCFI27:
 528              		.cfi_def_cfa_offset 24
 529 0004 00AF     		add	r7, sp, #0
 530              	.LCFI28:
 531              		.cfi_def_cfa_register 7
 532 0006 0346     		mov	r3, r0
 533 0008 FB80     		strh	r3, [r7, #6]	@ movhi
 246:../STM32F10x_StdPeriph_Lib_V3.5.0/Libraries/STM32F10x_StdPeriph_Driver/src/stm32f10x_rtc.c ****   FlagStatus bitstatus = RESET;
 534              		.loc 1 246 0
 535 000a 4FF00003 		mov	r3, #0
 536 000e FB73     		strb	r3, [r7, #15]
 247:../STM32F10x_StdPeriph_Lib_V3.5.0/Libraries/STM32F10x_StdPeriph_Driver/src/stm32f10x_rtc.c ****   
 248:../STM32F10x_StdPeriph_Lib_V3.5.0/Libraries/STM32F10x_StdPeriph_Driver/src/stm32f10x_rtc.c ****   /* Check the parameters */
 249:../STM32F10x_StdPeriph_Lib_V3.5.0/Libraries/STM32F10x_StdPeriph_Driver/src/stm32f10x_rtc.c ****   assert_param(IS_RTC_GET_FLAG(RTC_FLAG)); 
 250:../STM32F10x_StdPeriph_Lib_V3.5.0/Libraries/STM32F10x_StdPeriph_Driver/src/stm32f10x_rtc.c ****   
 251:../STM32F10x_StdPeriph_Lib_V3.5.0/Libraries/STM32F10x_StdPeriph_Driver/src/stm32f10x_rtc.c ****   if ((RTC->CRL & RTC_FLAG) != (uint16_t)RESET)
 537              		.loc 1 251 0
 538 0010 0A4B     		ldr	r3, .L41
 539 0012 9B88     		ldrh	r3, [r3, #4]	@ movhi
 540 0014 9AB2     		uxth	r2, r3
 541 0016 FB88     		ldrh	r3, [r7, #6]	@ movhi
 542 0018 1340     		ands	r3, r3, r2
 543 001a 9BB2     		uxth	r3, r3
 544 001c 002B     		cmp	r3, #0
 545 001e 03D0     		beq	.L38
 252:../STM32F10x_StdPeriph_Lib_V3.5.0/Libraries/STM32F10x_StdPeriph_Driver/src/stm32f10x_rtc.c ****   {
 253:../STM32F10x_StdPeriph_Lib_V3.5.0/Libraries/STM32F10x_StdPeriph_Driver/src/stm32f10x_rtc.c ****     bitstatus = SET;
 546              		.loc 1 253 0
 547 0020 4FF00103 		mov	r3, #1
 548 0024 FB73     		strb	r3, [r7, #15]
 549 0026 02E0     		b	.L39
 550              	.L38:
 254:../STM32F10x_StdPeriph_Lib_V3.5.0/Libraries/STM32F10x_StdPeriph_Driver/src/stm32f10x_rtc.c ****   }
 255:../STM32F10x_StdPeriph_Lib_V3.5.0/Libraries/STM32F10x_StdPeriph_Driver/src/stm32f10x_rtc.c ****   else
 256:../STM32F10x_StdPeriph_Lib_V3.5.0/Libraries/STM32F10x_StdPeriph_Driver/src/stm32f10x_rtc.c ****   {
 257:../STM32F10x_StdPeriph_Lib_V3.5.0/Libraries/STM32F10x_StdPeriph_Driver/src/stm32f10x_rtc.c ****     bitstatus = RESET;
 551              		.loc 1 257 0
 552 0028 4FF00003 		mov	r3, #0
 553 002c FB73     		strb	r3, [r7, #15]
 554              	.L39:
 258:../STM32F10x_StdPeriph_Lib_V3.5.0/Libraries/STM32F10x_StdPeriph_Driver/src/stm32f10x_rtc.c ****   }
 259:../STM32F10x_StdPeriph_Lib_V3.5.0/Libraries/STM32F10x_StdPeriph_Driver/src/stm32f10x_rtc.c ****   return bitstatus;
 555              		.loc 1 259 0
 556 002e FB7B     		ldrb	r3, [r7, #15]	@ zero_extendqisi2
 260:../STM32F10x_StdPeriph_Lib_V3.5.0/Libraries/STM32F10x_StdPeriph_Driver/src/stm32f10x_rtc.c **** }
 557              		.loc 1 260 0
 558 0030 1846     		mov	r0, r3
 559 0032 07F11407 		add	r7, r7, #20
 560 0036 BD46     		mov	sp, r7
 561 0038 80BC     		pop	{r7}
 562 003a 7047     		bx	lr
 563              	.L42:
 564              		.align	2
 565              	.L41:
 566 003c 00280040 		.word	1073752064
 567              		.cfi_endproc
 568              	.LFE39:
 570              		.section	.text.RTC_ClearFlag,"ax",%progbits
 571              		.align	2
 572              		.global	RTC_ClearFlag
 573              		.thumb
 574              		.thumb_func
 576              	RTC_ClearFlag:
 577              	.LFB40:
 261:../STM32F10x_StdPeriph_Lib_V3.5.0/Libraries/STM32F10x_StdPeriph_Driver/src/stm32f10x_rtc.c **** 
 262:../STM32F10x_StdPeriph_Lib_V3.5.0/Libraries/STM32F10x_StdPeriph_Driver/src/stm32f10x_rtc.c **** /**
 263:../STM32F10x_StdPeriph_Lib_V3.5.0/Libraries/STM32F10x_StdPeriph_Driver/src/stm32f10x_rtc.c ****   * @brief  Clears the RTC's pending flags.
 264:../STM32F10x_StdPeriph_Lib_V3.5.0/Libraries/STM32F10x_StdPeriph_Driver/src/stm32f10x_rtc.c ****   * @param  RTC_FLAG: specifies the flag to clear.
 265:../STM32F10x_StdPeriph_Lib_V3.5.0/Libraries/STM32F10x_StdPeriph_Driver/src/stm32f10x_rtc.c ****   *   This parameter can be any combination of the following values:
 266:../STM32F10x_StdPeriph_Lib_V3.5.0/Libraries/STM32F10x_StdPeriph_Driver/src/stm32f10x_rtc.c ****   *     @arg RTC_FLAG_RSF: Registers Synchronized flag. This flag is cleared only after
 267:../STM32F10x_StdPeriph_Lib_V3.5.0/Libraries/STM32F10x_StdPeriph_Driver/src/stm32f10x_rtc.c ****   *                        an APB reset or an APB Clock stop.
 268:../STM32F10x_StdPeriph_Lib_V3.5.0/Libraries/STM32F10x_StdPeriph_Driver/src/stm32f10x_rtc.c ****   *     @arg RTC_FLAG_OW: Overflow flag
 269:../STM32F10x_StdPeriph_Lib_V3.5.0/Libraries/STM32F10x_StdPeriph_Driver/src/stm32f10x_rtc.c ****   *     @arg RTC_FLAG_ALR: Alarm flag
 270:../STM32F10x_StdPeriph_Lib_V3.5.0/Libraries/STM32F10x_StdPeriph_Driver/src/stm32f10x_rtc.c ****   *     @arg RTC_FLAG_SEC: Second flag
 271:../STM32F10x_StdPeriph_Lib_V3.5.0/Libraries/STM32F10x_StdPeriph_Driver/src/stm32f10x_rtc.c ****   * @retval None
 272:../STM32F10x_StdPeriph_Lib_V3.5.0/Libraries/STM32F10x_StdPeriph_Driver/src/stm32f10x_rtc.c ****   */
 273:../STM32F10x_StdPeriph_Lib_V3.5.0/Libraries/STM32F10x_StdPeriph_Driver/src/stm32f10x_rtc.c **** void RTC_ClearFlag(uint16_t RTC_FLAG)
 274:../STM32F10x_StdPeriph_Lib_V3.5.0/Libraries/STM32F10x_StdPeriph_Driver/src/stm32f10x_rtc.c **** {
 578              		.loc 1 274 0
 579              		.cfi_startproc
 580              		@ args = 0, pretend = 0, frame = 8
 581              		@ frame_needed = 1, uses_anonymous_args = 0
 582              		@ link register save eliminated.
 583 0000 80B4     		push	{r7}
 584              	.LCFI29:
 585              		.cfi_def_cfa_offset 4
 586              		.cfi_offset 7, -4
 587 0002 83B0     		sub	sp, sp, #12
 588              	.LCFI30:
 589              		.cfi_def_cfa_offset 16
 590 0004 00AF     		add	r7, sp, #0
 591              	.LCFI31:
 592              		.cfi_def_cfa_register 7
 593 0006 0346     		mov	r3, r0
 594 0008 FB80     		strh	r3, [r7, #6]	@ movhi
 275:../STM32F10x_StdPeriph_Lib_V3.5.0/Libraries/STM32F10x_StdPeriph_Driver/src/stm32f10x_rtc.c ****   /* Check the parameters */
 276:../STM32F10x_StdPeriph_Lib_V3.5.0/Libraries/STM32F10x_StdPeriph_Driver/src/stm32f10x_rtc.c ****   assert_param(IS_RTC_CLEAR_FLAG(RTC_FLAG)); 
 277:../STM32F10x_StdPeriph_Lib_V3.5.0/Libraries/STM32F10x_StdPeriph_Driver/src/stm32f10x_rtc.c ****     
 278:../STM32F10x_StdPeriph_Lib_V3.5.0/Libraries/STM32F10x_StdPeriph_Driver/src/stm32f10x_rtc.c ****   /* Clear the corresponding RTC flag */
 279:../STM32F10x_StdPeriph_Lib_V3.5.0/Libraries/STM32F10x_StdPeriph_Driver/src/stm32f10x_rtc.c ****   RTC->CRL &= (uint16_t)~RTC_FLAG;
 595              		.loc 1 279 0
 596 000a 084B     		ldr	r3, .L44
 597 000c 074A     		ldr	r2, .L44
 598 000e 9288     		ldrh	r2, [r2, #4]	@ movhi
 599 0010 91B2     		uxth	r1, r2
 600 0012 FA88     		ldrh	r2, [r7, #6]	@ movhi
 601 0014 6FEA0202 		mvn	r2, r2
 602 0018 92B2     		uxth	r2, r2
 603 001a 0A40     		ands	r2, r2, r1
 604 001c 92B2     		uxth	r2, r2
 605 001e 9A80     		strh	r2, [r3, #4]	@ movhi
 280:../STM32F10x_StdPeriph_Lib_V3.5.0/Libraries/STM32F10x_StdPeriph_Driver/src/stm32f10x_rtc.c **** }
 606              		.loc 1 280 0
 607 0020 07F10C07 		add	r7, r7, #12
 608 0024 BD46     		mov	sp, r7
 609 0026 80BC     		pop	{r7}
 610 0028 7047     		bx	lr
 611              	.L45:
 612 002a 00BF     		.align	2
 613              	.L44:
 614 002c 00280040 		.word	1073752064
 615              		.cfi_endproc
 616              	.LFE40:
 618              		.section	.text.RTC_GetITStatus,"ax",%progbits
 619              		.align	2
 620              		.global	RTC_GetITStatus
 621              		.thumb
 622              		.thumb_func
 624              	RTC_GetITStatus:
 625              	.LFB41:
 281:../STM32F10x_StdPeriph_Lib_V3.5.0/Libraries/STM32F10x_StdPeriph_Driver/src/stm32f10x_rtc.c **** 
 282:../STM32F10x_StdPeriph_Lib_V3.5.0/Libraries/STM32F10x_StdPeriph_Driver/src/stm32f10x_rtc.c **** /**
 283:../STM32F10x_StdPeriph_Lib_V3.5.0/Libraries/STM32F10x_StdPeriph_Driver/src/stm32f10x_rtc.c ****   * @brief  Checks whether the specified RTC interrupt has occurred or not.
 284:../STM32F10x_StdPeriph_Lib_V3.5.0/Libraries/STM32F10x_StdPeriph_Driver/src/stm32f10x_rtc.c ****   * @param  RTC_IT: specifies the RTC interrupts sources to check.
 285:../STM32F10x_StdPeriph_Lib_V3.5.0/Libraries/STM32F10x_StdPeriph_Driver/src/stm32f10x_rtc.c ****   *   This parameter can be one of the following values:
 286:../STM32F10x_StdPeriph_Lib_V3.5.0/Libraries/STM32F10x_StdPeriph_Driver/src/stm32f10x_rtc.c ****   *     @arg RTC_IT_OW: Overflow interrupt
 287:../STM32F10x_StdPeriph_Lib_V3.5.0/Libraries/STM32F10x_StdPeriph_Driver/src/stm32f10x_rtc.c ****   *     @arg RTC_IT_ALR: Alarm interrupt
 288:../STM32F10x_StdPeriph_Lib_V3.5.0/Libraries/STM32F10x_StdPeriph_Driver/src/stm32f10x_rtc.c ****   *     @arg RTC_IT_SEC: Second interrupt
 289:../STM32F10x_StdPeriph_Lib_V3.5.0/Libraries/STM32F10x_StdPeriph_Driver/src/stm32f10x_rtc.c ****   * @retval The new state of the RTC_IT (SET or RESET).
 290:../STM32F10x_StdPeriph_Lib_V3.5.0/Libraries/STM32F10x_StdPeriph_Driver/src/stm32f10x_rtc.c ****   */
 291:../STM32F10x_StdPeriph_Lib_V3.5.0/Libraries/STM32F10x_StdPeriph_Driver/src/stm32f10x_rtc.c **** ITStatus RTC_GetITStatus(uint16_t RTC_IT)
 292:../STM32F10x_StdPeriph_Lib_V3.5.0/Libraries/STM32F10x_StdPeriph_Driver/src/stm32f10x_rtc.c **** {
 626              		.loc 1 292 0
 627              		.cfi_startproc
 628              		@ args = 0, pretend = 0, frame = 16
 629              		@ frame_needed = 1, uses_anonymous_args = 0
 630              		@ link register save eliminated.
 631 0000 80B4     		push	{r7}
 632              	.LCFI32:
 633              		.cfi_def_cfa_offset 4
 634              		.cfi_offset 7, -4
 635 0002 85B0     		sub	sp, sp, #20
 636              	.LCFI33:
 637              		.cfi_def_cfa_offset 24
 638 0004 00AF     		add	r7, sp, #0
 639              	.LCFI34:
 640              		.cfi_def_cfa_register 7
 641 0006 0346     		mov	r3, r0
 642 0008 FB80     		strh	r3, [r7, #6]	@ movhi
 293:../STM32F10x_StdPeriph_Lib_V3.5.0/Libraries/STM32F10x_StdPeriph_Driver/src/stm32f10x_rtc.c ****   ITStatus bitstatus = RESET;
 643              		.loc 1 293 0
 644 000a 4FF00003 		mov	r3, #0
 645 000e FB73     		strb	r3, [r7, #15]
 294:../STM32F10x_StdPeriph_Lib_V3.5.0/Libraries/STM32F10x_StdPeriph_Driver/src/stm32f10x_rtc.c ****   /* Check the parameters */
 295:../STM32F10x_StdPeriph_Lib_V3.5.0/Libraries/STM32F10x_StdPeriph_Driver/src/stm32f10x_rtc.c ****   assert_param(IS_RTC_GET_IT(RTC_IT)); 
 296:../STM32F10x_StdPeriph_Lib_V3.5.0/Libraries/STM32F10x_StdPeriph_Driver/src/stm32f10x_rtc.c ****   
 297:../STM32F10x_StdPeriph_Lib_V3.5.0/Libraries/STM32F10x_StdPeriph_Driver/src/stm32f10x_rtc.c ****   bitstatus = (ITStatus)(RTC->CRL & RTC_IT);
 646              		.loc 1 297 0
 647 0010 104B     		ldr	r3, .L50
 648 0012 9B88     		ldrh	r3, [r3, #4]	@ movhi
 649 0014 9BB2     		uxth	r3, r3
 650 0016 DAB2     		uxtb	r2, r3
 651 0018 FB88     		ldrh	r3, [r7, #6]	@ movhi
 652 001a DBB2     		uxtb	r3, r3
 653 001c 1340     		ands	r3, r3, r2
 654 001e FB73     		strb	r3, [r7, #15]
 298:../STM32F10x_StdPeriph_Lib_V3.5.0/Libraries/STM32F10x_StdPeriph_Driver/src/stm32f10x_rtc.c ****   if (((RTC->CRH & RTC_IT) != (uint16_t)RESET) && (bitstatus != (uint16_t)RESET))
 655              		.loc 1 298 0
 656 0020 0C4B     		ldr	r3, .L50
 657 0022 1B88     		ldrh	r3, [r3, #0]	@ movhi
 658 0024 9AB2     		uxth	r2, r3
 659 0026 FB88     		ldrh	r3, [r7, #6]	@ movhi
 660 0028 1340     		ands	r3, r3, r2
 661 002a 9BB2     		uxth	r3, r3
 662 002c 002B     		cmp	r3, #0
 663 002e 06D0     		beq	.L47
 664              		.loc 1 298 0 is_stmt 0 discriminator 1
 665 0030 FB7B     		ldrb	r3, [r7, #15]	@ zero_extendqisi2
 666 0032 002B     		cmp	r3, #0
 667 0034 03D0     		beq	.L47
 299:../STM32F10x_StdPeriph_Lib_V3.5.0/Libraries/STM32F10x_StdPeriph_Driver/src/stm32f10x_rtc.c ****   {
 300:../STM32F10x_StdPeriph_Lib_V3.5.0/Libraries/STM32F10x_StdPeriph_Driver/src/stm32f10x_rtc.c ****     bitstatus = SET;
 668              		.loc 1 300 0 is_stmt 1
 669 0036 4FF00103 		mov	r3, #1
 670 003a FB73     		strb	r3, [r7, #15]
 671 003c 02E0     		b	.L48
 672              	.L47:
 301:../STM32F10x_StdPeriph_Lib_V3.5.0/Libraries/STM32F10x_StdPeriph_Driver/src/stm32f10x_rtc.c ****   }
 302:../STM32F10x_StdPeriph_Lib_V3.5.0/Libraries/STM32F10x_StdPeriph_Driver/src/stm32f10x_rtc.c ****   else
 303:../STM32F10x_StdPeriph_Lib_V3.5.0/Libraries/STM32F10x_StdPeriph_Driver/src/stm32f10x_rtc.c ****   {
 304:../STM32F10x_StdPeriph_Lib_V3.5.0/Libraries/STM32F10x_StdPeriph_Driver/src/stm32f10x_rtc.c ****     bitstatus = RESET;
 673              		.loc 1 304 0
 674 003e 4FF00003 		mov	r3, #0
 675 0042 FB73     		strb	r3, [r7, #15]
 676              	.L48:
 305:../STM32F10x_StdPeriph_Lib_V3.5.0/Libraries/STM32F10x_StdPeriph_Driver/src/stm32f10x_rtc.c ****   }
 306:../STM32F10x_StdPeriph_Lib_V3.5.0/Libraries/STM32F10x_StdPeriph_Driver/src/stm32f10x_rtc.c ****   return bitstatus;
 677              		.loc 1 306 0
 678 0044 FB7B     		ldrb	r3, [r7, #15]	@ zero_extendqisi2
 307:../STM32F10x_StdPeriph_Lib_V3.5.0/Libraries/STM32F10x_StdPeriph_Driver/src/stm32f10x_rtc.c **** }
 679              		.loc 1 307 0
 680 0046 1846     		mov	r0, r3
 681 0048 07F11407 		add	r7, r7, #20
 682 004c BD46     		mov	sp, r7
 683 004e 80BC     		pop	{r7}
 684 0050 7047     		bx	lr
 685              	.L51:
 686 0052 00BF     		.align	2
 687              	.L50:
 688 0054 00280040 		.word	1073752064
 689              		.cfi_endproc
 690              	.LFE41:
 692              		.section	.text.RTC_ClearITPendingBit,"ax",%progbits
 693              		.align	2
 694              		.global	RTC_ClearITPendingBit
 695              		.thumb
 696              		.thumb_func
 698              	RTC_ClearITPendingBit:
 699              	.LFB42:
 308:../STM32F10x_StdPeriph_Lib_V3.5.0/Libraries/STM32F10x_StdPeriph_Driver/src/stm32f10x_rtc.c **** 
 309:../STM32F10x_StdPeriph_Lib_V3.5.0/Libraries/STM32F10x_StdPeriph_Driver/src/stm32f10x_rtc.c **** /**
 310:../STM32F10x_StdPeriph_Lib_V3.5.0/Libraries/STM32F10x_StdPeriph_Driver/src/stm32f10x_rtc.c ****   * @brief  Clears the RTC's interrupt pending bits.
 311:../STM32F10x_StdPeriph_Lib_V3.5.0/Libraries/STM32F10x_StdPeriph_Driver/src/stm32f10x_rtc.c ****   * @param  RTC_IT: specifies the interrupt pending bit to clear.
 312:../STM32F10x_StdPeriph_Lib_V3.5.0/Libraries/STM32F10x_StdPeriph_Driver/src/stm32f10x_rtc.c ****   *   This parameter can be any combination of the following values:
 313:../STM32F10x_StdPeriph_Lib_V3.5.0/Libraries/STM32F10x_StdPeriph_Driver/src/stm32f10x_rtc.c ****   *     @arg RTC_IT_OW: Overflow interrupt
 314:../STM32F10x_StdPeriph_Lib_V3.5.0/Libraries/STM32F10x_StdPeriph_Driver/src/stm32f10x_rtc.c ****   *     @arg RTC_IT_ALR: Alarm interrupt
 315:../STM32F10x_StdPeriph_Lib_V3.5.0/Libraries/STM32F10x_StdPeriph_Driver/src/stm32f10x_rtc.c ****   *     @arg RTC_IT_SEC: Second interrupt
 316:../STM32F10x_StdPeriph_Lib_V3.5.0/Libraries/STM32F10x_StdPeriph_Driver/src/stm32f10x_rtc.c ****   * @retval None
 317:../STM32F10x_StdPeriph_Lib_V3.5.0/Libraries/STM32F10x_StdPeriph_Driver/src/stm32f10x_rtc.c ****   */
 318:../STM32F10x_StdPeriph_Lib_V3.5.0/Libraries/STM32F10x_StdPeriph_Driver/src/stm32f10x_rtc.c **** void RTC_ClearITPendingBit(uint16_t RTC_IT)
 319:../STM32F10x_StdPeriph_Lib_V3.5.0/Libraries/STM32F10x_StdPeriph_Driver/src/stm32f10x_rtc.c **** {
 700              		.loc 1 319 0
 701              		.cfi_startproc
 702              		@ args = 0, pretend = 0, frame = 8
 703              		@ frame_needed = 1, uses_anonymous_args = 0
 704              		@ link register save eliminated.
 705 0000 80B4     		push	{r7}
 706              	.LCFI35:
 707              		.cfi_def_cfa_offset 4
 708              		.cfi_offset 7, -4
 709 0002 83B0     		sub	sp, sp, #12
 710              	.LCFI36:
 711              		.cfi_def_cfa_offset 16
 712 0004 00AF     		add	r7, sp, #0
 713              	.LCFI37:
 714              		.cfi_def_cfa_register 7
 715 0006 0346     		mov	r3, r0
 716 0008 FB80     		strh	r3, [r7, #6]	@ movhi
 320:../STM32F10x_StdPeriph_Lib_V3.5.0/Libraries/STM32F10x_StdPeriph_Driver/src/stm32f10x_rtc.c ****   /* Check the parameters */
 321:../STM32F10x_StdPeriph_Lib_V3.5.0/Libraries/STM32F10x_StdPeriph_Driver/src/stm32f10x_rtc.c ****   assert_param(IS_RTC_IT(RTC_IT));  
 322:../STM32F10x_StdPeriph_Lib_V3.5.0/Libraries/STM32F10x_StdPeriph_Driver/src/stm32f10x_rtc.c ****   
 323:../STM32F10x_StdPeriph_Lib_V3.5.0/Libraries/STM32F10x_StdPeriph_Driver/src/stm32f10x_rtc.c ****   /* Clear the corresponding RTC pending bit */
 324:../STM32F10x_StdPeriph_Lib_V3.5.0/Libraries/STM32F10x_StdPeriph_Driver/src/stm32f10x_rtc.c ****   RTC->CRL &= (uint16_t)~RTC_IT;
 717              		.loc 1 324 0
 718 000a 084B     		ldr	r3, .L53
 719 000c 074A     		ldr	r2, .L53
 720 000e 9288     		ldrh	r2, [r2, #4]	@ movhi
 721 0010 91B2     		uxth	r1, r2
 722 0012 FA88     		ldrh	r2, [r7, #6]	@ movhi
 723 0014 6FEA0202 		mvn	r2, r2
 724 0018 92B2     		uxth	r2, r2
 725 001a 0A40     		ands	r2, r2, r1
 726 001c 92B2     		uxth	r2, r2
 727 001e 9A80     		strh	r2, [r3, #4]	@ movhi
 325:../STM32F10x_StdPeriph_Lib_V3.5.0/Libraries/STM32F10x_StdPeriph_Driver/src/stm32f10x_rtc.c **** }
 728              		.loc 1 325 0
 729 0020 07F10C07 		add	r7, r7, #12
 730 0024 BD46     		mov	sp, r7
 731 0026 80BC     		pop	{r7}
 732 0028 7047     		bx	lr
 733              	.L54:
 734 002a 00BF     		.align	2
 735              	.L53:
 736 002c 00280040 		.word	1073752064
 737              		.cfi_endproc
 738              	.LFE42:
 740              		.text
 741              	.Letext0:
 742              		.file 2 "/home/dragon/CodeSourcery/Sourcery_CodeBench_Lite_for_ARM_EABI/bin/../lib/gcc/arm-none-ea
 743              		.file 3 "/home/dragon/workspace/STM32F103C8T6_LibV3.5/STM32F10x_StdPeriph_Lib_V3.5.0/Libraries/CMS
 744              		.file 4 "/home/dragon/workspace/STM32F103C8T6_LibV3.5/STM32F10x_StdPeriph_Lib_V3.5.0/Libraries/CMS
DEFINED SYMBOLS
                            *ABS*:00000000 stm32f10x_rtc.c
     /tmp/ccYFK0Lc.s:19     .text.RTC_ITConfig:00000000 $t
     /tmp/ccYFK0Lc.s:24     .text.RTC_ITConfig:00000000 RTC_ITConfig
     /tmp/ccYFK0Lc.s:81     .text.RTC_ITConfig:00000048 $d
     /tmp/ccYFK0Lc.s:86     .text.RTC_EnterConfigMode:00000000 $t
     /tmp/ccYFK0Lc.s:91     .text.RTC_EnterConfigMode:00000000 RTC_EnterConfigMode
     /tmp/ccYFK0Lc.s:120    .text.RTC_EnterConfigMode:0000001c $d
     /tmp/ccYFK0Lc.s:125    .text.RTC_ExitConfigMode:00000000 $t
     /tmp/ccYFK0Lc.s:130    .text.RTC_ExitConfigMode:00000000 RTC_ExitConfigMode
     /tmp/ccYFK0Lc.s:159    .text.RTC_ExitConfigMode:0000001c $d
     /tmp/ccYFK0Lc.s:164    .text.RTC_GetCounter:00000000 $t
     /tmp/ccYFK0Lc.s:169    .text.RTC_GetCounter:00000000 RTC_GetCounter
     /tmp/ccYFK0Lc.s:209    .text.RTC_GetCounter:0000002c $d
     /tmp/ccYFK0Lc.s:214    .text.RTC_SetCounter:00000000 $t
     /tmp/ccYFK0Lc.s:219    .text.RTC_SetCounter:00000000 RTC_SetCounter
     /tmp/ccYFK0Lc.s:259    .text.RTC_SetCounter:0000002c $d
     /tmp/ccYFK0Lc.s:264    .text.RTC_SetPrescaler:00000000 $t
     /tmp/ccYFK0Lc.s:269    .text.RTC_SetPrescaler:00000000 RTC_SetPrescaler
     /tmp/ccYFK0Lc.s:310    .text.RTC_SetPrescaler:00000030 $d
     /tmp/ccYFK0Lc.s:315    .text.RTC_SetAlarm:00000000 $t
     /tmp/ccYFK0Lc.s:320    .text.RTC_SetAlarm:00000000 RTC_SetAlarm
     /tmp/ccYFK0Lc.s:360    .text.RTC_SetAlarm:0000002c $d
     /tmp/ccYFK0Lc.s:365    .text.RTC_GetDivider:00000000 $t
     /tmp/ccYFK0Lc.s:370    .text.RTC_GetDivider:00000000 RTC_GetDivider
     /tmp/ccYFK0Lc.s:415    .text.RTC_GetDivider:00000038 $d
     /tmp/ccYFK0Lc.s:420    .text.RTC_WaitForLastTask:00000000 $t
     /tmp/ccYFK0Lc.s:425    .text.RTC_WaitForLastTask:00000000 RTC_WaitForLastTask
     /tmp/ccYFK0Lc.s:456    .text.RTC_WaitForLastTask:0000001c $d
     /tmp/ccYFK0Lc.s:461    .text.RTC_WaitForSynchro:00000000 $t
     /tmp/ccYFK0Lc.s:466    .text.RTC_WaitForSynchro:00000000 RTC_WaitForSynchro
     /tmp/ccYFK0Lc.s:505    .text.RTC_WaitForSynchro:0000002c $d
     /tmp/ccYFK0Lc.s:510    .text.RTC_GetFlagStatus:00000000 $t
     /tmp/ccYFK0Lc.s:515    .text.RTC_GetFlagStatus:00000000 RTC_GetFlagStatus
     /tmp/ccYFK0Lc.s:566    .text.RTC_GetFlagStatus:0000003c $d
     /tmp/ccYFK0Lc.s:571    .text.RTC_ClearFlag:00000000 $t
     /tmp/ccYFK0Lc.s:576    .text.RTC_ClearFlag:00000000 RTC_ClearFlag
     /tmp/ccYFK0Lc.s:614    .text.RTC_ClearFlag:0000002c $d
     /tmp/ccYFK0Lc.s:619    .text.RTC_GetITStatus:00000000 $t
     /tmp/ccYFK0Lc.s:624    .text.RTC_GetITStatus:00000000 RTC_GetITStatus
     /tmp/ccYFK0Lc.s:688    .text.RTC_GetITStatus:00000054 $d
     /tmp/ccYFK0Lc.s:693    .text.RTC_ClearITPendingBit:00000000 $t
     /tmp/ccYFK0Lc.s:698    .text.RTC_ClearITPendingBit:00000000 RTC_ClearITPendingBit
     /tmp/ccYFK0Lc.s:736    .text.RTC_ClearITPendingBit:0000002c $d
                     .debug_frame:00000010 $d
                           .group:00000000 wm4.1.3f1c4c3ecf94fe9b5c343fe975e01068
                           .group:00000000 wm4.stm32f10x.h.51.b859cb68ed44ee02c916b41cb8c68f1c
                           .group:00000000 wm4.core_cm3.h.25.d35e9a9b04ec4aaebae9bf79fff061f9
                           .group:00000000 wm4.stdint.h.10.90b695f550ca6cc3fb08fa83baf01e05
                           .group:00000000 wm4.core_cm3.h.113.b286929a54d33b4c8909a7132437b244
                           .group:00000000 wm4.stm32f10x.h.522.9a9f642c8c562acb4a63ad5d933b7c01
                           .group:00000000 wm4.stm32f10x_adc.h.83.4d35a50d598070ecea6f33bcef02c922
                           .group:00000000 wm4.stm32f10x_bkp.h.25.4622919f1e30efdad5eb44e12edd5513
                           .group:00000000 wm4.stm32f10x_can.h.25.48aab46fcce6d08400bf960b028e4698
                           .group:00000000 wm4.stm32f10x_cec.h.25.8f03450e7bbb704d96e7bc73ec0f66a7
                           .group:00000000 wm4.stm32f10x_dac.h.25.6e7f2924f39c60c10815105b99b8b446
                           .group:00000000 wm4.stm32f10x_dbgmcu.h.25.d3351200fc7f9c8615d1ae81d40db08a
                           .group:00000000 wm4.stm32f10x_dma.h.25.94e36204daa98cae5dcc70a10a9694d5
                           .group:00000000 wm4.stm32f10x_exti.h.25.b9064155c5c006b5154b39788c79001a
                           .group:00000000 wm4.stm32f10x_flash.h.25.4be61fcb02863962a1e006449d310650
                           .group:00000000 wm4.stm32f10x_fsmc.h.25.bca154da2699cdb6024c0c6c4fc5aa89
                           .group:00000000 wm4.stm32f10x_gpio.h.25.80c981af0e637567395034c576cfb3ce
                           .group:00000000 wm4.stm32f10x_i2c.h.25.7b6cbaea24c6f25f538f8516d1814cb2
                           .group:00000000 wm4.stm32f10x_iwdg.h.25.da9374ab9856795610487f312ccf3122
                           .group:00000000 wm4.stm32f10x_pwr.h.25.37ef75009f751ef5fe27910e0bf00a62
                           .group:00000000 wm4.stm32f10x_rcc.h.25.968bcf08d813e68e57c280a4da69fa5a
                           .group:00000000 wm4.stm32f10x_sdio.h.25.1fb5280a7690ef99070096bf8c866b3a
                           .group:00000000 wm4.stm32f10x_spi.h.25.68b3d5ccfcf895f9fe505ce20c0c300f
                           .group:00000000 wm4.stm32f10x_tim.h.25.21c6ec062f1e74898cb96a57da276fec
                           .group:00000000 wm4.stm32f10x_usart.h.25.29629c699b65db3f3efd3561f66b0bf6
                           .group:00000000 wm4.stm32f10x_wwdg.h.25.dde12201d86b5aa9ecaafb5eccdc6549
                           .group:00000000 wm4.misc.h.25.068e106f368fa5369a681ef57c106f4b
                           .group:00000000 wm4.stm32f10x.h.8304.f7d8ad90959e99679b3257267c3aadfe
                           .group:00000000 wm4.stm32f10x_rtc.h.58.ffc5b528b22f5396ae5570583ef6ec55

NO UNDEFINED SYMBOLS
